#
# There is insufficient memory for the Java Runtime Environment to continue.
# Native memory allocation (mmap) failed to map 188743680 bytes for G1 virtual space
# Possible reasons:
#   The system is out of physical RAM or swap space
#   The process is running with CompressedOops enabled, and the Java Heap may be blocking the growth of the native heap
# Possible solutions:
#   Reduce memory load on the system
#   Increase physical memory or swap space
#   Check if swap backing store is full
#   Decrease Java heap size (-Xmx/-Xms)
#   Decrease number of Java threads
#   Decrease Java thread stack sizes (-Xss)
#   Set larger code cache with -XX:ReservedCodeCacheSize=
#   JVM is running with Zero Based Compressed Oops mode in which the Java heap is
#     placed in the first 32GB address space. The Java Heap base address is the
#     maximum limit for the native heap growth. Please use -XX:HeapBaseMinAddress
#     to set the Java Heap base and to place the Java Heap above 32GB virtual address.
# This output file may be truncated or incomplete.
#
#  Out of Memory Error (os_windows.cpp:3825), pid=15108, tid=27772
#
# JRE version: OpenJDK Runtime Environment (17.0.9) (build 17.0.9+0--11185874)
# Java VM: OpenJDK 64-Bit Server VM (17.0.9+0--11185874, mixed mode, tiered, compressed oops, compressed class ptrs, g1 gc, windows-amd64)
# No core dump will be written. Minidumps are not enabled by default on client versions of Windows
#

---------------  S U M M A R Y ------------

Command Line: org.jetbrains.kotlin.cli.jvm.K2JVMCompiler @D:\mylib\pawlly-20\df\pawlly_app_source_code\customer-app\pawlly_user_app_v2.0.0\build\nb_utils\20240920_13255013581199065115.compiler.options

Host: Intel(R) Xeon(R) CPU E5-2680 v4 @ 2.40GHz, 28 cores, 31G,  Windows 10 , 64 bit Build 19041 (10.0.19041.3636)
Time: Fri Sep 20 23:04:37 2024 Egypt Daylight Time elapsed time: 6.546204 seconds (0d 0h 0m 6s)

---------------  T H R E A D  ---------------

Current thread (0x000001ab511fed20):  VMThread "VM Thread" [stack: 0x0000004faf700000,0x0000004faf800000] [id=27772]

Stack: [0x0000004faf700000,0x0000004faf800000]
Native frames: (J=compiled Java code, j=interpreted, Vv=VM code, C=native code)
V  [jvm.dll+0x6886e9]
V  [jvm.dll+0x841e4a]
V  [jvm.dll+0x843a8e]
V  [jvm.dll+0x8440f3]
V  [jvm.dll+0x24c14f]
V  [jvm.dll+0x685499]
V  [jvm.dll+0x679c2a]
V  [jvm.dll+0x30cf9b]
V  [jvm.dll+0x314446]
V  [jvm.dll+0x36425e]
V  [jvm.dll+0x36448f]
V  [jvm.dll+0x2e2d68]
V  [jvm.dll+0x2e0f44]
V  [jvm.dll+0x2e054c]
V  [jvm.dll+0x3253fb]
V  [jvm.dll+0x8487eb]
V  [jvm.dll+0x849531]
V  [jvm.dll+0x849a4d]
V  [jvm.dll+0x849e24]
V  [jvm.dll+0x849ef0]
V  [jvm.dll+0x7f06aa]
V  [jvm.dll+0x687565]
C  [ucrtbase.dll+0x21bb2]
C  [KERNEL32.DLL+0x17344]
C  [ntdll.dll+0x526b1]

VM_Operation (0x0000004faf1f8f00): G1CollectForAllocation, mode: safepoint, requested by thread 0x000001ab2aa53c00


---------------  P R O C E S S  ---------------

Threads class SMR info:
_java_thread_list=0x000001ab5c6c7220, length=20, elements={
0x000001ab2aa53c00, 0x000001ab5485fc80, 0x000001ab548611b0, 0x000001ab548af910,
0x000001ab548b04d0, 0x000001ab548b3640, 0x000001ab548b47a0, 0x000001ab548ca7d0,
0x000001ab548cb880, 0x000001ab548cf120, 0x000001ab54a17f10, 0x000001ab54a208a0,
0x000001ab54a2b840, 0x000001ab54a33190, 0x000001ab593326e0, 0x000001ab5a8f5630,
0x000001ab5bec7d70, 0x000001ab5c27a3e0, 0x000001ab5c022f60, 0x000001ab5bf5b5b0
}

Java Threads: ( => current thread )
  0x000001ab2aa53c00 JavaThread "main" [_thread_blocked, id=28848, stack(0x0000004faf100000,0x0000004faf200000)]
  0x000001ab5485fc80 JavaThread "Reference Handler" daemon [_thread_blocked, id=12500, stack(0x0000004faf800000,0x0000004faf900000)]
  0x000001ab548611b0 JavaThread "Finalizer" daemon [_thread_blocked, id=27872, stack(0x0000004faf900000,0x0000004fafa00000)]
  0x000001ab548af910 JavaThread "Signal Dispatcher" daemon [_thread_blocked, id=15796, stack(0x0000004fafa00000,0x0000004fafb00000)]
  0x000001ab548b04d0 JavaThread "Attach Listener" daemon [_thread_blocked, id=20656, stack(0x0000004fafb00000,0x0000004fafc00000)]
  0x000001ab548b3640 JavaThread "Service Thread" daemon [_thread_blocked, id=12000, stack(0x0000004fafc00000,0x0000004fafd00000)]
  0x000001ab548b47a0 JavaThread "Monitor Deflation Thread" daemon [_thread_blocked, id=1888, stack(0x0000004fafd00000,0x0000004fafe00000)]
  0x000001ab548ca7d0 JavaThread "C2 CompilerThread0" daemon [_thread_in_native, id=28948, stack(0x0000004fafe00000,0x0000004faff00000)]
  0x000001ab548cb880 JavaThread "C1 CompilerThread0" daemon [_thread_blocked, id=17060, stack(0x0000004faff00000,0x0000004fb0000000)]
  0x000001ab548cf120 JavaThread "Sweeper thread" daemon [_thread_blocked, id=26004, stack(0x0000004fb0000000,0x0000004fb0100000)]
  0x000001ab54a17f10 JavaThread "C1 CompilerThread1" daemon [_thread_blocked, id=15076, stack(0x0000004fb0100000,0x0000004fb0200000)]
  0x000001ab54a208a0 JavaThread "C1 CompilerThread2" daemon [_thread_blocked, id=22740, stack(0x0000004fb0200000,0x0000004fb0300000)]
  0x000001ab54a2b840 JavaThread "Notification Thread" daemon [_thread_blocked, id=29108, stack(0x0000004fb0300000,0x0000004fb0400000)]
  0x000001ab54a33190 JavaThread "Common-Cleaner" daemon [_thread_blocked, id=21476, stack(0x0000004fb0500000,0x0000004fb0600000)]
  0x000001ab593326e0 JavaThread "C1 CompilerThread3" daemon [_thread_blocked, id=2144, stack(0x0000004fb0700000,0x0000004fb0800000)]
  0x000001ab5a8f5630 JavaThread "C2 CompilerThread1" daemon [_thread_blocked, id=21580, stack(0x0000004fb1900000,0x0000004fb1a00000)]
  0x000001ab5bec7d70 JavaThread "C2 CompilerThread2" daemon [_thread_in_native, id=13608, stack(0x0000004fb1a00000,0x0000004fb1b00000)]
  0x000001ab5c27a3e0 JavaThread "C2 CompilerThread3" daemon [_thread_blocked, id=3812, stack(0x0000004fb1e00000,0x0000004fb1f00000)]
  0x000001ab5c022f60 JavaThread "C2 CompilerThread4" daemon [_thread_blocked, id=2932, stack(0x0000004fb1f00000,0x0000004fb2000000)]
  0x000001ab5bf5b5b0 JavaThread "C2 CompilerThread5" daemon [_thread_blocked, id=12040, stack(0x0000004fb2000000,0x0000004fb2100000)]

Other Threads:
=>0x000001ab511fed20 VMThread "VM Thread" [stack: 0x0000004faf700000,0x0000004faf800000] [id=27772]
  0x000001ab511a6900 WatcherThread [stack: 0x0000004fb0400000,0x0000004fb0500000] [id=8680]
  0x000001ab2ab04eb0 GCTaskThread "GC Thread#0" [stack: 0x0000004faf200000,0x0000004faf300000] [id=27724]
  0x000001ab5952ce70 GCTaskThread "GC Thread#1" [stack: 0x0000004fb0800000,0x0000004fb0900000] [id=18892]
  0x000001ab5951bcf0 GCTaskThread "GC Thread#2" [stack: 0x0000004fb0900000,0x0000004fb0a00000] [id=9476]
  0x000001ab5951c3c0 GCTaskThread "GC Thread#3" [stack: 0x0000004fb0a00000,0x0000004fb0b00000] [id=21664]
  0x000001ab5954f0c0 GCTaskThread "GC Thread#4" [stack: 0x0000004fb0b00000,0x0000004fb0c00000] [id=11792]
  0x000001ab595150c0 GCTaskThread "GC Thread#5" [stack: 0x0000004fb0c00000,0x0000004fb0d00000] [id=25344]
  0x000001ab59583270 GCTaskThread "GC Thread#6" [stack: 0x0000004fb0d00000,0x0000004fb0e00000] [id=24144]
  0x000001ab59583740 GCTaskThread "GC Thread#7" [stack: 0x0000004fb0e00000,0x0000004fb0f00000] [id=21904]
  0x000001ab59584010 GCTaskThread "GC Thread#8" [stack: 0x0000004fb0f00000,0x0000004fb1000000] [id=26324]
  0x000001ab59584af0 GCTaskThread "GC Thread#9" [stack: 0x0000004fb1000000,0x0000004fb1100000] [id=22080]
  0x000001ab59584db0 GCTaskThread "GC Thread#10" [stack: 0x0000004fb1100000,0x0000004fb1200000] [id=21908]
  0x000001ab59585070 GCTaskThread "GC Thread#11" [stack: 0x0000004fb1200000,0x0000004fb1300000] [id=28224]
  0x000001ab598939d0 GCTaskThread "GC Thread#12" [stack: 0x0000004fb1800000,0x0000004fb1900000] [id=10320]
  0x000001ab5a1e35f0 GCTaskThread "GC Thread#13" [stack: 0x0000004fb0600000,0x0000004fb0700000] [id=3748]
  0x000001ab5a1e6a30 GCTaskThread "GC Thread#14" [stack: 0x0000004fb1700000,0x0000004fb1800000] [id=22844]
  0x000001ab5a1e3330 GCTaskThread "GC Thread#15" [stack: 0x0000004fb1b00000,0x0000004fb1c00000] [id=19788]
  0x000001ab5a1e4bf0 GCTaskThread "GC Thread#16" [stack: 0x0000004fb1c00000,0x0000004fb1d00000] [id=19244]
  0x000001ab5a1e4930 GCTaskThread "GC Thread#17" [stack: 0x0000004fb1d00000,0x0000004fb1e00000] [id=19308]
  0x000001ab5a1e61f0 GCTaskThread "GC Thread#18" [stack: 0x0000004fb2200000,0x0000004fb2300000] [id=12048]
  0x000001ab5a1e43b0 GCTaskThread "GC Thread#19" [stack: 0x0000004fb2300000,0x0000004fb2400000] [id=20068]
  0x000001ab51008040 ConcurrentGCThread "G1 Main Marker" [stack: 0x0000004faf300000,0x0000004faf400000] [id=22536]
  0x000001ab51008a60 ConcurrentGCThread "G1 Conc#0" [stack: 0x0000004faf400000,0x0000004faf500000] [id=12692]
  0x000001ab59893450 ConcurrentGCThread "G1 Conc#1" [stack: 0x0000004fb1300000,0x0000004fb1400000] [id=5212]
  0x000001ab59893f50 ConcurrentGCThread "G1 Conc#2" [stack: 0x0000004fb1400000,0x0000004fb1500000] [id=21200]
  0x000001ab59894d10 ConcurrentGCThread "G1 Conc#3" [stack: 0x0000004fb1500000,0x0000004fb1600000] [id=6184]
  0x000001ab59893190 ConcurrentGCThread "G1 Conc#4" [stack: 0x0000004fb1600000,0x0000004fb1700000] [id=29516]
  0x000001ab51149b30 ConcurrentGCThread "G1 Refine#0" [stack: 0x0000004faf500000,0x0000004faf600000] [id=3620]
  0x000001ab5114a560 ConcurrentGCThread "G1 Service" [stack: 0x0000004faf600000,0x0000004faf700000] [id=3144]

Threads with active compile tasks:
C2 CompilerThread0     6584 5979       4       org.jetbrains.kotlin.types.checker.ClassicTypeSystemContext$DefaultImpls::contains (86 bytes)
C1 CompilerThread0     6584 6276       3       org.jetbrains.kotlin.types.AbstractTypeConstructor$supertypes$1::invoke (5 bytes)
C1 CompilerThread1     6584 6278       3       org.jetbrains.kotlin.types.AbstractTypeConstructor$Supertypes::<init> (29 bytes)
C1 CompilerThread2     6584 6277       3       org.jetbrains.kotlin.types.AbstractTypeConstructor$supertypes$1::invoke (15 bytes)
C1 CompilerThread3     6584 6274       3       org.jetbrains.kotlin.types.AbstractTypeChecker::hasNothingSupertype (421 bytes)
C2 CompilerThread1     6584 6149       4       org.jetbrains.org.objectweb.asm.ClassReader::readMethod (1061 bytes)
C2 CompilerThread2     6585 5812       4       org.jetbrains.kotlin.resolve.calls.components.ClassicTypeSystemContextForCS::contains (7 bytes)
C2 CompilerThread3     6585 6225       4       org.jetbrains.org.objectweb.asm.Type::getArgumentTypes (154 bytes)
C2 CompilerThread4     6585 6226       4       org.jetbrains.kotlin.load.kotlin.FileBasedKotlinClass::resolveNameByInternalName (178 bytes)
C2 CompilerThread5     6585 5576       4       org.jetbrains.kotlin.types.TypeUtils::contains (301 bytes)

VM state: at safepoint (normal execution)

VM Mutex/Monitor currently owned by a thread:  ([mutex/lock_event])
[0x000001ab2aa50080] Threads_lock - owner thread: 0x000001ab511fed20
[0x000001ab2aa50aa0] Heap_lock - owner thread: 0x000001ab2aa53c00

Heap address: 0x0000000601400000, size: 8172 MB, Compressed Oops mode: Zero based, Oop shift amount: 3

CDS archive(s) not mapped
Compressed class space mapped at: 0x0000000800000000-0x0000000840000000, reserved size: 1073741824
Narrow klass base: 0x0000000800000000, Narrow klass shift: 0, Narrow klass range: 0x40000000

GC Precious Log:
 CPUs: 28 total, 28 available
 Memory: 32684M
 Large Page Support: Disabled
 NUMA Support: Disabled
 Compressed Oops: Enabled (Zero based)
 Heap Region Size: 4M
 Heap Min Capacity: 8M
 Heap Initial Capacity: 512M
 Heap Max Capacity: 8172M
 Pre-touch: Disabled
 Parallel Workers: 20
 Concurrent Workers: 5
 Concurrent Refinement Workers: 20
 Periodic GC: Disabled

Heap:
 garbage-first heap   total 81920K, used 33287K [0x0000000601400000, 0x0000000800000000)
  region size 4096K, 1 young (4096K), 1 survivors (4096K)
 Metaspace       used 51917K, committed 52160K, reserved 1114112K
  class space    used 6022K, committed 6144K, reserved 1048576K

Heap Regions: E=young(eden), S=young(survivor), O=old, HS=humongous(starts), HC=humongous(continues), CS=collection set, F=free, OA=open archive, CA=closed archive, TAMS=top-at-mark-start (previous, next)
|   0|0x0000000601400000, 0x0000000601800000, 0x0000000601800000|100%|HS|  |TAMS 0x0000000601800000, 0x0000000601400000| Complete 
|   1|0x0000000601800000, 0x0000000601c00000, 0x0000000601c00000|100%| O|  |TAMS 0x0000000601800000, 0x0000000601800000| Untracked 
|   2|0x0000000601c00000, 0x0000000602000000, 0x0000000602000000|100%| O|  |TAMS 0x0000000601c00000, 0x0000000601c00000| Untracked 
|   3|0x0000000602000000, 0x000000060223e200, 0x0000000602400000| 56%| O|  |TAMS 0x0000000602000000, 0x0000000602000000| Untracked 
|   4|0x0000000602400000, 0x0000000602800000, 0x0000000602800000|100%| O|  |TAMS 0x0000000602800000, 0x0000000602400000| Untracked 
|   5|0x0000000602800000, 0x0000000602c00000, 0x0000000602c00000|100%| O|  |TAMS 0x0000000602c00000, 0x0000000602800000| Untracked 
|   6|0x0000000602c00000, 0x0000000602e43a00, 0x0000000603000000| 56%| O|  |TAMS 0x0000000602e43a00, 0x0000000602c00000| Untracked 
|   7|0x0000000603000000, 0x0000000603000000, 0x0000000603400000|  0%| F|  |TAMS 0x0000000603000000, 0x0000000603000000| Untracked 
|   8|0x0000000603400000, 0x0000000603800000, 0x0000000603800000|100%| O|  |TAMS 0x0000000603400000, 0x0000000603400000| Untracked 
|   9|0x0000000603800000, 0x0000000603800000, 0x0000000603c00000|  0%| F|  |TAMS 0x0000000603800000, 0x0000000603800000| Untracked 
|  10|0x0000000603c00000, 0x0000000603c00000, 0x0000000604000000|  0%| F|  |TAMS 0x0000000603c00000, 0x0000000603c00000| Untracked 
|  11|0x0000000604000000, 0x0000000604400000, 0x0000000604400000|100%| S|CS|TAMS 0x0000000604000000, 0x0000000604000000| Complete 
|  12|0x0000000604400000, 0x0000000604400000, 0x0000000604800000|  0%| F|  |TAMS 0x0000000604400000, 0x0000000604400000| Untracked 
|  13|0x0000000604800000, 0x0000000604800000, 0x0000000604c00000|  0%| F|  |TAMS 0x0000000604800000, 0x0000000604800000| Untracked 
|  14|0x0000000604c00000, 0x0000000604c00000, 0x0000000605000000|  0%| F|  |TAMS 0x0000000604c00000, 0x0000000604c00000| Untracked 
|  15|0x0000000605000000, 0x0000000605000000, 0x0000000605400000|  0%| F|  |TAMS 0x0000000605000000, 0x0000000605000000| Untracked 
|  16|0x0000000605400000, 0x0000000605400000, 0x0000000605800000|  0%| F|  |TAMS 0x0000000605400000, 0x0000000605400000| Untracked 
|  17|0x0000000605800000, 0x0000000605800000, 0x0000000605c00000|  0%| F|  |TAMS 0x0000000605800000, 0x0000000605800000| Untracked 
|  63|0x0000000611000000, 0x0000000611000000, 0x0000000611400000|  0%| F|  |TAMS 0x0000000611000000, 0x0000000611000000| Untracked 
| 127|0x0000000621000000, 0x0000000621000000, 0x0000000621400000|  0%| F|  |TAMS 0x0000000621000000, 0x0000000621000000| Untracked 

Card table byte_map: [0x000001ab3ef50000,0x000001ab3ff50000] _byte_map_base: 0x000001ab3bf46000

Marking Bits (Prev, Next): (CMBitMap*) 0x000001ab2ab054d0, (CMBitMap*) 0x000001ab2ab05510
 Prev Bits: [0x000001ab40f50000, 0x000001ab48f00000)
 Next Bits: [0x000001ab48f00000, 0x000001ab50eb0000)

Polling page: 0x000001ab28990000

Metaspace:

Usage:
  Non-class:     44.82 MB used.
      Class:      5.88 MB used.
       Both:     50.70 MB used.

Virtual space:
  Non-class space:       64.00 MB reserved,      44.94 MB ( 70%) committed,  1 nodes.
      Class space:        1.00 GB reserved,       6.00 MB ( <1%) committed,  1 nodes.
             Both:        1.06 GB reserved,      50.94 MB (  5%) committed. 

Chunk freelists:
   Non-Class:  3.03 MB
       Class:  9.98 MB
        Both:  13.01 MB

MaxMetaspaceSize: unlimited
CompressedClassSpaceSize: 1.00 GB
Initial GC threshold: 21.00 MB
Current GC threshold: 58.88 MB
CDS: off
MetaspaceReclaimPolicy: balanced
 - commit_granule_bytes: 65536.
 - commit_granule_words: 8192.
 - virtual_space_node_default_size: 8388608.
 - enlarge_chunks_in_place: 1.
 - new_chunks_are_fully_committed: 0.
 - uncommit_free_chunks: 1.
 - use_allocation_guard: 0.
 - handle_deallocations: 1.


Internal statistics:

num_allocs_failed_limit: 6.
num_arena_births: 196.
num_arena_deaths: 0.
num_vsnodes_births: 2.
num_vsnodes_deaths: 0.
num_space_committed: 814.
num_space_uncommitted: 0.
num_chunks_returned_to_freelist: 6.
num_chunks_taken_from_freelist: 1747.
num_chunk_merges: 6.
num_chunk_splits: 1434.
num_chunks_enlarged: 1293.
num_inconsistent_stats: 0.

CodeHeap 'non-profiled nmethods': size=119168Kb used=3024Kb max_used=3024Kb free=116143Kb
 bounds [0x000001ab35ad0000, 0x000001ab35dd0000, 0x000001ab3cf30000]
CodeHeap 'profiled nmethods': size=119104Kb used=17460Kb max_used=17460Kb free=101643Kb
 bounds [0x000001ab2df30000, 0x000001ab2f040000, 0x000001ab35380000]
CodeHeap 'non-nmethods': size=7488Kb used=2974Kb max_used=3060Kb free=4513Kb
 bounds [0x000001ab35380000, 0x000001ab35690000, 0x000001ab35ad0000]
 total_blobs=6853 nmethods=6255 adapters=506
 compilation: enabled
              stopped_count=0, restarted_count=0
 full_count=0

Compilation events (20 events):
Event: 6.516 Thread 0x000001ab54a17f10 6268       3       org.jetbrains.kotlin.resolve.deprecation.DescriptorBasedDeprecationInfoKt::getDEPRECATED_FUNCTION_KEY (4 bytes)
Event: 6.517 Thread 0x000001ab54a17f10 nmethod 6268 0x000001ab2f02a690 code [0x000001ab2f02a820, 0x000001ab2f02a918]
Event: 6.517 Thread 0x000001ab54a17f10 6269       1       org.jetbrains.kotlin.com.google.common.collect.RegularImmutableBiMap::access$100 (5 bytes)
Event: 6.517 Thread 0x000001ab593326e0 nmethod 6267 0x000001ab2f02a990 code [0x000001ab2f02ab80, 0x000001ab2f02b1c8]
Event: 6.517 Thread 0x000001ab54a17f10 nmethod 6269 0x000001ab35dc4090 code [0x000001ab35dc4220, 0x000001ab35dc42d8]
Event: 6.517 Thread 0x000001ab593326e0 6270       3       org.jetbrains.kotlin.resolve.deprecation.DeprecationResolver::addDeprecationIfPresent (239 bytes)
Event: 6.517 Thread 0x000001ab54a17f10 6271       3       org.jetbrains.kotlin.config.MavenComparableVersion$ListItem::compareTo (229 bytes)
Event: 6.519 Thread 0x000001ab54a208a0 nmethod 6265 0x000001ab2f02b310 code [0x000001ab2f02b660, 0x000001ab2f02c708]
Event: 6.519 Thread 0x000001ab548cb880 nmethod 6266 0x000001ab2f02cd10 code [0x000001ab2f02d020, 0x000001ab2f02e698]
Event: 6.520 Thread 0x000001ab548cb880 6272   !   3       java.util.AbstractList$Itr::remove (81 bytes)
Event: 6.520 Thread 0x000001ab54a208a0 6273       3       org.jetbrains.kotlin.utils.SmartList::remove (164 bytes)
Event: 6.521 Thread 0x000001ab593326e0 nmethod 6270 0x000001ab2f02ed10 code [0x000001ab2f02f100, 0x000001ab2f031098]
Event: 6.521 Thread 0x000001ab593326e0 6274       3       org.jetbrains.kotlin.types.AbstractTypeChecker::hasNothingSupertype (421 bytes)
Event: 6.521 Thread 0x000001ab548cb880 nmethod 6272 0x000001ab2f034990 code [0x000001ab2f034b80, 0x000001ab2f035158]
Event: 6.521 Thread 0x000001ab54a17f10 nmethod 6271 0x000001ab2f031910 code [0x000001ab2f031d00, 0x000001ab2f0340d8]
Event: 6.522 Thread 0x000001ab54a208a0 nmethod 6273 0x000001ab2f035390 code [0x000001ab2f035640, 0x000001ab2f0363e8]
Event: 6.524 Thread 0x000001ab548cb880 6276       3       org.jetbrains.kotlin.types.AbstractTypeConstructor$supertypes$1::invoke (5 bytes)
Event: 6.524 Thread 0x000001ab54a17f10 6278       3       org.jetbrains.kotlin.types.AbstractTypeConstructor$Supertypes::<init> (29 bytes)
Event: 6.524 Thread 0x000001ab54a208a0 6277       3       org.jetbrains.kotlin.types.AbstractTypeConstructor$supertypes$1::invoke (15 bytes)
Event: 6.526 Thread 0x000001ab593326e0 nmethod 6274 0x000001ab2f036810 code [0x000001ab2f037040, 0x000001ab2f03ba78]

GC Heap History (20 events):
Event: 1.262 GC heap after
{Heap after GC invocations=2 (full 0):
 garbage-first heap   total 524288K, used 7790K [0x0000000601400000, 0x0000000800000000)
  region size 4096K, 1 young (4096K), 1 survivors (4096K)
 Metaspace       used 21329K, committed 21504K, reserved 1114112K
  class space    used 2394K, committed 2496K, reserved 1048576K
}
Event: 1.781 GC heap before
{Heap before GC invocations=3 (full 0):
 garbage-first heap   total 40960K, used 20078K [0x0000000601400000, 0x0000000800000000)
  region size 4096K, 6 young (24576K), 1 survivors (4096K)
 Metaspace       used 24243K, committed 24384K, reserved 1114112K
  class space    used 3131K, committed 3200K, reserved 1048576K
}
Event: 1.788 GC heap after
{Heap after GC invocations=4 (full 0):
 garbage-first heap   total 40960K, used 13038K [0x0000000601400000, 0x0000000800000000)
  region size 4096K, 3 young (12288K), 3 survivors (12288K)
 Metaspace       used 24243K, committed 24384K, reserved 1114112K
  class space    used 3131K, committed 3200K, reserved 1048576K
}
Event: 1.987 GC heap before
{Heap before GC invocations=4 (full 0):
 garbage-first heap   total 40960K, used 21230K [0x0000000601400000, 0x0000000800000000)
  region size 4096K, 5 young (20480K), 3 survivors (12288K)
 Metaspace       used 26901K, committed 27072K, reserved 1114112K
  class space    used 3450K, committed 3520K, reserved 1048576K
}
Event: 1.996 GC heap after
{Heap after GC invocations=5 (full 0):
 garbage-first heap   total 40960K, used 13939K [0x0000000601400000, 0x0000000800000000)
  region size 4096K, 1 young (4096K), 1 survivors (4096K)
 Metaspace       used 26901K, committed 27072K, reserved 1114112K
  class space    used 3450K, committed 3520K, reserved 1048576K
}
Event: 2.169 GC heap before
{Heap before GC invocations=5 (full 0):
 garbage-first heap   total 40960K, used 22131K [0x0000000601400000, 0x0000000800000000)
  region size 4096K, 3 young (12288K), 1 survivors (4096K)
 Metaspace       used 28408K, committed 28544K, reserved 1114112K
  class space    used 3604K, committed 3648K, reserved 1048576K
}
Event: 2.172 GC heap after
{Heap after GC invocations=6 (full 0):
 garbage-first heap   total 40960K, used 14698K [0x0000000601400000, 0x0000000800000000)
  region size 4096K, 1 young (4096K), 1 survivors (4096K)
 Metaspace       used 28408K, committed 28544K, reserved 1114112K
  class space    used 3604K, committed 3648K, reserved 1048576K
}
Event: 2.394 GC heap before
{Heap before GC invocations=6 (full 0):
 garbage-first heap   total 40960K, used 18794K [0x0000000601400000, 0x0000000800000000)
  region size 4096K, 3 young (12288K), 1 survivors (4096K)
 Metaspace       used 30070K, committed 30208K, reserved 1114112K
  class space    used 3798K, committed 3840K, reserved 1048576K
}
Event: 2.398 GC heap after
{Heap after GC invocations=7 (full 0):
 garbage-first heap   total 40960K, used 15861K [0x0000000601400000, 0x0000000800000000)
  region size 4096K, 1 young (4096K), 1 survivors (4096K)
 Metaspace       used 30070K, committed 30208K, reserved 1114112K
  class space    used 3798K, committed 3840K, reserved 1048576K
}
Event: 2.582 GC heap before
{Heap before GC invocations=7 (full 0):
 garbage-first heap   total 40960K, used 24053K [0x0000000601400000, 0x0000000800000000)
  region size 4096K, 3 young (12288K), 1 survivors (4096K)
 Metaspace       used 31728K, committed 32000K, reserved 1114112K
  class space    used 3964K, committed 4096K, reserved 1048576K
}
Event: 2.593 GC heap after
{Heap after GC invocations=8 (full 0):
 garbage-first heap   total 282624K, used 16715K [0x0000000601400000, 0x0000000800000000)
  region size 4096K, 1 young (4096K), 1 survivors (4096K)
 Metaspace       used 31728K, committed 32000K, reserved 1114112K
  class space    used 3964K, committed 4096K, reserved 1048576K
}
Event: 3.047 GC heap before
{Heap before GC invocations=8 (full 0):
 garbage-first heap   total 282624K, used 33099K [0x0000000601400000, 0x0000000800000000)
  region size 4096K, 6 young (24576K), 1 survivors (4096K)
 Metaspace       used 35815K, committed 35968K, reserved 1114112K
  class space    used 4328K, committed 4416K, reserved 1048576K
}
Event: 3.051 GC heap after
{Heap after GC invocations=9 (full 0):
 garbage-first heap   total 282624K, used 17980K [0x0000000601400000, 0x0000000800000000)
  region size 4096K, 1 young (4096K), 1 survivors (4096K)
 Metaspace       used 35815K, committed 35968K, reserved 1114112K
  class space    used 4328K, committed 4416K, reserved 1048576K
}
Event: 4.024 GC heap before
{Heap before GC invocations=10 (full 0):
 garbage-first heap   total 81920K, used 63036K [0x0000000601400000, 0x0000000800000000)
  region size 4096K, 12 young (49152K), 1 survivors (4096K)
 Metaspace       used 44183K, committed 44416K, reserved 1114112K
  class space    used 5329K, committed 5440K, reserved 1048576K
}
Event: 4.035 GC heap after
{Heap after GC invocations=11 (full 0):
 garbage-first heap   total 81920K, used 24536K [0x0000000601400000, 0x0000000800000000)
  region size 4096K, 2 young (8192K), 2 survivors (8192K)
 Metaspace       used 44183K, committed 44416K, reserved 1114112K
  class space    used 5329K, committed 5440K, reserved 1048576K
}
Event: 4.591 GC heap before
{Heap before GC invocations=11 (full 0):
 garbage-first heap   total 81920K, used 49112K [0x0000000601400000, 0x0000000800000000)
  region size 4096K, 8 young (32768K), 2 survivors (8192K)
 Metaspace       used 46442K, committed 46656K, reserved 1114112K
  class space    used 5611K, committed 5696K, reserved 1048576K
}
Event: 4.604 GC heap after
{Heap after GC invocations=12 (full 0):
 garbage-first heap   total 81920K, used 25886K [0x0000000601400000, 0x0000000800000000)
  region size 4096K, 1 young (4096K), 1 survivors (4096K)
 Metaspace       used 46442K, committed 46656K, reserved 1114112K
  class space    used 5611K, committed 5696K, reserved 1048576K
}
Event: 5.479 GC heap before
{Heap before GC invocations=12 (full 0):
 garbage-first heap   total 81920K, used 50462K [0x0000000601400000, 0x0000000800000000)
  region size 4096K, 7 young (28672K), 1 survivors (4096K)
 Metaspace       used 49578K, committed 49792K, reserved 1114112K
  class space    used 5909K, committed 6016K, reserved 1048576K
}
Event: 5.493 GC heap after
{Heap after GC invocations=13 (full 0):
 garbage-first heap   total 81920K, used 29049K [0x0000000601400000, 0x0000000800000000)
  region size 4096K, 1 young (4096K), 1 survivors (4096K)
 Metaspace       used 49578K, committed 49792K, reserved 1114112K
  class space    used 5909K, committed 6016K, reserved 1048576K
}
Event: 6.526 GC heap before
{Heap before GC invocations=13 (full 0):
 garbage-first heap   total 81920K, used 57721K [0x0000000601400000, 0x0000000800000000)
  region size 4096K, 8 young (32768K), 1 survivors (4096K)
 Metaspace       used 51917K, committed 52160K, reserved 1114112K
  class space    used 6022K, committed 6144K, reserved 1048576K
}

Dll operation events (2 events):
Event: 0.008 Loaded shared library C:\Program Files\Android\Android Studio1\jbr\bin\java.dll
Event: 1.057 Loaded shared library C:\Program Files\Android\Android Studio1\jbr\bin\verify.dll

Deoptimization events (20 events):
Event: 6.436 Thread 0x000001ab2aa53c00 Uncommon trap: trap_request=0xffffff45 fr.pc=0x000001ab35bb633c relative=0x00000000000003dc
Event: 6.436 Thread 0x000001ab2aa53c00 Uncommon trap: reason=unstable_if action=reinterpret pc=0x000001ab35bb633c method=org.jetbrains.kotlin.com.intellij.lang.impl.PsiBuilderImpl.calcTokenType()Lorg/jetbrains/kotlin/com/intellij/psi/tree/IElementType; @ 4 c2
Event: 6.436 Thread 0x000001ab2aa53c00 DEOPT PACKING pc=0x000001ab35bb633c sp=0x0000004faf1f89e0
Event: 6.436 Thread 0x000001ab2aa53c00 DEOPT UNPACKING pc=0x000001ab353d69a3 sp=0x0000004faf1f8968 mode 2
Event: 6.436 Thread 0x000001ab2aa53c00 Uncommon trap: trap_request=0xffffff45 fr.pc=0x000001ab35c3c498 relative=0x0000000000001b38
Event: 6.436 Thread 0x000001ab2aa53c00 Uncommon trap: reason=unstable_if action=reinterpret pc=0x000001ab35c3c498 method=org.jetbrains.kotlin.com.intellij.lang.impl.PsiBuilderImpl.calcTokenType()Lorg/jetbrains/kotlin/com/intellij/psi/tree/IElementType; @ 4 c2
Event: 6.436 Thread 0x000001ab2aa53c00 DEOPT PACKING pc=0x000001ab35c3c498 sp=0x0000004faf1f9b10
Event: 6.436 Thread 0x000001ab2aa53c00 DEOPT UNPACKING pc=0x000001ab353d69a3 sp=0x0000004faf1f98b8 mode 2
Event: 6.445 Thread 0x000001ab2aa53c00 Uncommon trap: trap_request=0xffffffde fr.pc=0x000001ab35d6daac relative=0x000000000000090c
Event: 6.445 Thread 0x000001ab2aa53c00 Uncommon trap: reason=class_check action=maybe_recompile pc=0x000001ab35d6daac method=org.jetbrains.kotlin.resolve.scopes.LazyScopeAdapter.getWorkerScope()Lorg/jetbrains/kotlin/resolve/scopes/MemberScope; @ 9 c2
Event: 6.445 Thread 0x000001ab2aa53c00 DEOPT PACKING pc=0x000001ab35d6daac sp=0x0000004faf1f8aa0
Event: 6.445 Thread 0x000001ab2aa53c00 DEOPT UNPACKING pc=0x000001ab353d69a3 sp=0x0000004faf1f8a78 mode 2
Event: 6.445 Thread 0x000001ab2aa53c00 Uncommon trap: trap_request=0xffffffde fr.pc=0x000001ab35db1c3c relative=0x00000000000001fc
Event: 6.445 Thread 0x000001ab2aa53c00 Uncommon trap: reason=class_check action=maybe_recompile pc=0x000001ab35db1c3c method=org.jetbrains.kotlin.resolve.scopes.AbstractScopeAdapter.getContributedClassifier(Lorg/jetbrains/kotlin/name/Name;Lorg/jetbrains/kotlin/incremental/components/LookupLoca
Event: 6.445 Thread 0x000001ab2aa53c00 DEOPT PACKING pc=0x000001ab35db1c3c sp=0x0000004faf1f8b10
Event: 6.445 Thread 0x000001ab2aa53c00 DEOPT UNPACKING pc=0x000001ab353d69a3 sp=0x0000004faf1f8ac0 mode 2
Event: 6.456 Thread 0x000001ab2aa53c00 Uncommon trap: trap_request=0xffffff45 fr.pc=0x000001ab35db9c4c relative=0x0000000000001cec
Event: 6.456 Thread 0x000001ab2aa53c00 Uncommon trap: reason=unstable_if action=reinterpret pc=0x000001ab35db9c4c method=org.jetbrains.org.objectweb.asm.ClassReader.readElementValue(Lorg/jetbrains/org/objectweb/asm/AnnotationVisitor;ILjava/lang/String;[C)I @ 102 c2
Event: 6.456 Thread 0x000001ab2aa53c00 DEOPT PACKING pc=0x000001ab35db9c4c sp=0x0000004faf1f7fb0
Event: 6.456 Thread 0x000001ab2aa53c00 DEOPT UNPACKING pc=0x000001ab353d69a3 sp=0x0000004faf1f7f30 mode 2

Classes unloaded (0 events):
No events

Classes redefined (0 events):
No events

Internal exceptions (20 events):
Event: 3.283 Thread 0x000001ab2aa53c00 Exception <a 'java/lang/NoSuchMethodError'{0x0000000605aaead0}: 'java.lang.Object java.lang.invoke.DirectMethodHandle$Holder.invokeSpecial(java.lang.Object, java.lang.Object, java.lang.Object, java.lang.Object, int)'> (0x0000000605aaead0) 
thrown [s\src\hotspot\share\interpreter\linkResolver.cpp, line 771]
Event: 3.284 Thread 0x000001ab2aa53c00 Exception <a 'java/lang/NoSuchMethodError'{0x0000000605ab2940}: 'java.lang.Object java.lang.invoke.Invokers$Holder.linkToTargetMethod(java.lang.Object, java.lang.Object, int, java.lang.Object)'> (0x0000000605ab2940) 
thrown [s\src\hotspot\share\interpreter\linkResolver.cpp, line 771]
Event: 3.352 Thread 0x000001ab2aa53c00 Implicit null exception at 0x000001ab35b92555 to 0x000001ab35b92634
Event: 3.863 Thread 0x000001ab2aa53c00 Exception <a 'java/lang/NoSuchMethodError'{0x000000060421a610}: 'java.lang.Object java.lang.invoke.DirectMethodHandle$Holder.newInvokeSpecial(java.lang.Object, java.lang.Object, java.lang.Object, java.lang.Object, java.lang.Object)'> (0x000000060421a610) 
thrown [s\src\hotspot\share\interpreter\linkResolver.cpp, line 771]
Event: 4.382 Thread 0x000001ab2aa53c00 Exception <a 'java/lang/NoSuchMethodError'{0x00000006050c4330}: 'java.lang.Object java.lang.invoke.DirectMethodHandle$Holder.newInvokeSpecial(java.lang.Object, java.lang.Object, java.lang.Object, java.lang.Object, java.lang.Object, java.lang.Object)'> (0x00000006050c4330) 
thrown [s\src\hotspot\share\interpreter\linkResolver.cpp, line 771]
Event: 4.509 Thread 0x000001ab2aa53c00 Implicit null exception at 0x000001ab35bace29 to 0x000001ab35bae590
Event: 4.509 Thread 0x000001ab2aa53c00 Implicit null exception at 0x000001ab35b9db3e to 0x000001ab35b9e3a0
Event: 4.551 Thread 0x000001ab2aa53c00 Implicit null exception at 0x000001ab35bb42cc to 0x000001ab35bb43b4
Event: 4.777 Thread 0x000001ab2aa53c00 Exception <a 'java/lang/NoSuchMethodError'{0x00000006058d0d18}: 'java.lang.Object java.lang.invoke.DirectMethodHandle$Holder.invokeInterface(java.lang.Object, java.lang.Object, java.lang.Object)'> (0x00000006058d0d18) 
thrown [s\src\hotspot\share\interpreter\linkResolver.cpp, line 771]
Event: 4.778 Thread 0x000001ab2aa53c00 Exception <a 'java/lang/IncompatibleClassChangeError'{0x00000006058d4688}: Found class java.lang.Object, but interface was expected> (0x00000006058d4688) 
thrown [s\src\hotspot\share\interpreter\linkResolver.cpp, line 838]
Event: 4.827 Thread 0x000001ab2aa53c00 Exception <a 'java/lang/NoSuchMethodError'{0x0000000605aa1d10}: 'java.lang.Object java.lang.invoke.DirectMethodHandle$Holder.newInvokeSpecial(java.lang.Object, java.lang.Object, java.lang.Object, java.lang.Object, java.lang.Object, java.lang.Object, java.lang.Object)'> (0x0000000605aa1d10) 
thrown [s\src\hotspot\share\interpreter\linkResolver.cpp, line 771]
Event: 4.827 Thread 0x000001ab2aa53c00 Exception <a 'java/lang/NoSuchMethodError'{0x0000000605aa68c8}: 'java.lang.Object java.lang.invoke.Invokers$Holder.linkToTargetMethod(java.lang.Object, java.lang.Object, java.lang.Object, java.lang.Object, java.lang.Object, java.lang.Object, java.lang.Object)'> (0x0000000605aa68c8) 
thrown [s\src\hotspot\share\interpreter\linkResolver.cpp, line 771]
Event: 4.881 Thread 0x000001ab2aa53c00 Exception <a 'java/lang/NoSuchMethodError'{0x0000000605b7fb40}: 'int java.lang.invoke.DirectMethodHandle$Holder.invokeStaticInit(java.lang.Object, int)'> (0x0000000605b7fb40) 
thrown [s\src\hotspot\share\interpreter\linkResolver.cpp, line 771]
Event: 4.951 Thread 0x000001ab2aa53c00 Exception <a 'java/lang/NoSuchMethodError'{0x000000060577c2b8}: 'java.lang.Object java.lang.invoke.DirectMethodHandle$Holder.newInvokeSpecial(java.lang.Object, int, java.lang.Object)'> (0x000000060577c2b8) 
thrown [s\src\hotspot\share\interpreter\linkResolver.cpp, line 771]
Event: 4.953 Thread 0x000001ab2aa53c00 Exception <a 'java/lang/NoSuchMethodError'{0x0000000605783078}: 'int java.lang.invoke.DirectMethodHandle$Holder.invokeInterface(java.lang.Object, java.lang.Object)'> (0x0000000605783078) 
thrown [s\src\hotspot\share\interpreter\linkResolver.cpp, line 771]
Event: 5.598 Thread 0x000001ab2aa53c00 Exception <a 'java/lang/NoSuchMethodError'{0x000000062128c1a0}: 'java.lang.Object java.lang.invoke.DirectMethodHandle$Holder.invokeStatic(java.lang.Object, int, java.lang.Object)'> (0x000000062128c1a0) 
thrown [s\src\hotspot\share\interpreter\linkResolver.cpp, line 771]
Event: 5.604 Thread 0x000001ab2aa53c00 Exception <a 'java/lang/NoSuchMethodError'{0x00000006212b5038}: 'java.lang.Object java.lang.invoke.DirectMethodHandle$Holder.newInvokeSpecial(java.lang.Object, int, java.lang.Object, java.lang.Object)'> (0x00000006212b5038) 
thrown [s\src\hotspot\share\interpreter\linkResolver.cpp, line 771]
Event: 6.422 Thread 0x000001ab2aa53c00 Exception <a 'java/lang/NoSuchMethodError'{0x00000006053e3d58}: 'java.lang.Object java.lang.invoke.DirectMethodHandle$Holder.newInvokeSpecial(java.lang.Object, java.lang.Object, java.lang.Object, java.lang.Object, java.lang.Object, java.lang.Object, java.lang.Object, java.lang.Object)'> (0x00000006053e3d58) 
thrown [s\src\hotspot\share\interpreter\linkResolver.cpp, line 771]
Event: 6.423 Thread 0x000001ab2aa53c00 Exception <a 'java/lang/NoSuchMethodError'{0x00000006053e9618}: 'java.lang.Object java.lang.invoke.DirectMethodHandle$Holder.invokeSpecial(java.lang.Object, java.lang.Object, java.lang.Object, java.lang.Object, java.lang.Object, java.lang.Object, java.lang.Object, java.lang.Object, java.lang.Object)'> (0x00000006053e9618) 
thrown [s\src\hotspot\share\interpreter\linkResolver.cpp, line 771]
Event: 6.423 Thread 0x000001ab2aa53c00 Exception <a 'java/lang/NoSuchMethodError'{0x00000006053ee7f0}: 'java.lang.Object java.lang.invoke.Invokers$Holder.linkToTargetMethod(java.lang.Object, java.lang.Object, java.lang.Object, java.lang.Object, java.lang.Object, java.lang.Object, java.lang.Object, java.lang.Object)'> (0x00000006053ee7f0) 
thrown [s\src\hotspot\share\interpreter\linkResolver.cpp, line 771]

VM Operations (20 events):
Event: 5.601 Executing VM operation: ICBufferFull done
Event: 5.705 Executing VM operation: ICBufferFull
Event: 5.705 Executing VM operation: ICBufferFull done
Event: 5.903 Executing VM operation: ICBufferFull
Event: 5.903 Executing VM operation: ICBufferFull done
Event: 6.082 Executing VM operation: ICBufferFull
Event: 6.082 Executing VM operation: ICBufferFull done
Event: 6.235 Executing VM operation: ICBufferFull
Event: 6.235 Executing VM operation: ICBufferFull done
Event: 6.283 Executing VM operation: HandshakeAllThreads
Event: 6.283 Executing VM operation: HandshakeAllThreads done
Event: 6.285 Executing VM operation: HandshakeAllThreads
Event: 6.285 Executing VM operation: HandshakeAllThreads done
Event: 6.310 Executing VM operation: ICBufferFull
Event: 6.311 Executing VM operation: ICBufferFull done
Event: 6.443 Executing VM operation: ICBufferFull
Event: 6.443 Executing VM operation: ICBufferFull done
Event: 6.507 Executing VM operation: HandshakeAllThreads
Event: 6.507 Executing VM operation: HandshakeAllThreads done
Event: 6.526 Executing VM operation: G1CollectForAllocation

Events (20 events):
Event: 3.707 loading class java/util/function/IntConsumer done
Event: 3.707 loading class java/util/stream/Sink$OfInt done
Event: 3.707 loading class java/util/stream/Sink$ChainedInt done
Event: 3.707 loading class java/util/stream/IntPipeline$1$1 done
Event: 4.024 Thread 0x000001ab5bec7d70 Thread added: 0x000001ab5bec7d70
Event: 4.051 Thread 0x000001ab5c27a3e0 Thread added: 0x000001ab5c27a3e0
Event: 4.052 Thread 0x000001ab5c022f60 Thread added: 0x000001ab5c022f60
Event: 4.053 Thread 0x000001ab5bf5b5b0 Thread added: 0x000001ab5bf5b5b0
Event: 4.054 Thread 0x000001ab5c0244a0 Thread added: 0x000001ab5c0244a0
Event: 4.278 loading class java/util/Collections$SingletonMap
Event: 4.278 loading class java/util/Collections$SingletonMap done
Event: 4.385 loading class java/util/RegularEnumSet$EnumSetIterator
Event: 4.385 loading class java/util/RegularEnumSet$EnumSetIterator done
Event: 4.541 loading class java/security/CodeSigner
Event: 4.541 loading class java/security/CodeSigner done
Event: 4.822 loading class java/util/Collections$CopiesList
Event: 4.823 loading class java/util/Collections$CopiesList done
Event: 6.165 Thread 0x000001ab5c0244a0 Thread exited: 0x000001ab5c0244a0
Event: 6.190 loading class java/util/concurrent/locks/AbstractQueuedSynchronizer$Node
Event: 6.190 loading class java/util/concurrent/locks/AbstractQueuedSynchronizer$Node done


Dynamic libraries:
0x00007ff7dca20000 - 0x00007ff7dca2a000 	C:\Program Files\Android\Android Studio1\jbr\bin\java.exe
0x00007ffb0e790000 - 0x00007ffb0e988000 	C:\Windows\SYSTEM32\ntdll.dll
0x00007ffb0ca50000 - 0x00007ffb0cb0d000 	C:\Windows\System32\KERNEL32.DLL
0x00007ffb0bfd0000 - 0x00007ffb0c2c6000 	C:\Windows\System32\KERNELBASE.dll
0x00007ffb0bed0000 - 0x00007ffb0bfd0000 	C:\Windows\System32\ucrtbase.dll
0x00007ffafb1b0000 - 0x00007ffafb1c7000 	C:\Program Files\Android\Android Studio1\jbr\bin\jli.dll
0x00007ffaf31a0000 - 0x00007ffaf31bb000 	C:\Program Files\Android\Android Studio1\jbr\bin\VCRUNTIME140.dll
0x00007ffb0c8b0000 - 0x00007ffb0ca4e000 	C:\Windows\System32\USER32.dll
0x00007ffb0c530000 - 0x00007ffb0c552000 	C:\Windows\System32\win32u.dll
0x00007ffaf0830000 - 0x00007ffaf0aca000 	C:\Windows\WinSxS\amd64_microsoft.windows.common-controls_6595b64144ccf1df_6.0.19041.3636_none_60b6a03d71f818d5\COMCTL32.dll
0x00007ffb0c7e0000 - 0x00007ffb0c80c000 	C:\Windows\System32\GDI32.dll
0x00007ffb0d7c0000 - 0x00007ffb0d85e000 	C:\Windows\System32\msvcrt.dll
0x00007ffb0c6c0000 - 0x00007ffb0c7da000 	C:\Windows\System32\gdi32full.dll
0x00007ffb0c360000 - 0x00007ffb0c3fd000 	C:\Windows\System32\msvcp_win.dll
0x00007ffb0c870000 - 0x00007ffb0c8a0000 	C:\Windows\System32\IMM32.DLL
0x00007ffafb950000 - 0x00007ffafb95c000 	C:\Program Files\Android\Android Studio1\jbr\bin\vcruntime140_1.dll
0x00007ffab1340000 - 0x00007ffab13cd000 	C:\Program Files\Android\Android Studio1\jbr\bin\msvcp140.dll
0x00007ffa69a60000 - 0x00007ffa6a6e3000 	C:\Program Files\Android\Android Studio1\jbr\bin\server\jvm.dll
0x00007ffb0cb90000 - 0x00007ffb0cc43000 	C:\Windows\System32\ADVAPI32.dll
0x00007ffb0d310000 - 0x00007ffb0d3af000 	C:\Windows\System32\sechost.dll
0x00007ffb0ce80000 - 0x00007ffb0cfa6000 	C:\Windows\System32\RPCRT4.dll
0x00007ffb0c500000 - 0x00007ffb0c527000 	C:\Windows\System32\bcrypt.dll
0x00007ffb031e0000 - 0x00007ffb03207000 	C:\Windows\SYSTEM32\WINMM.dll
0x00007ffafc100000 - 0x00007ffafc109000 	C:\Windows\SYSTEM32\WSOCK32.dll
0x00007ffb0b3b0000 - 0x00007ffb0b3fb000 	C:\Windows\SYSTEM32\POWRPROF.dll
0x00007ffb03210000 - 0x00007ffb0321a000 	C:\Windows\SYSTEM32\VERSION.dll
0x00007ffb0da70000 - 0x00007ffb0dadb000 	C:\Windows\System32\WS2_32.dll
0x00007ffb0b270000 - 0x00007ffb0b282000 	C:\Windows\SYSTEM32\UMPDC.dll
0x00007ffb09d30000 - 0x00007ffb09d42000 	C:\Windows\SYSTEM32\kernel.appcore.dll
0x00007ffb07bc0000 - 0x00007ffb07bca000 	C:\Program Files\Android\Android Studio1\jbr\bin\jimage.dll
0x00007ffb05030000 - 0x00007ffb05214000 	C:\Windows\SYSTEM32\DBGHELP.DLL
0x00007ffaf8710000 - 0x00007ffaf8744000 	C:\Windows\SYSTEM32\dbgcore.DLL
0x00007ffb0c2d0000 - 0x00007ffb0c352000 	C:\Windows\System32\bcryptPrimitives.dll
0x00007ffaee320000 - 0x00007ffaee345000 	C:\Program Files\Android\Android Studio1\jbr\bin\java.dll
0x00007ffb02770000 - 0x00007ffb02788000 	C:\Program Files\Android\Android Studio1\jbr\bin\zip.dll
0x00007ffb0df50000 - 0x00007ffb0e695000 	C:\Windows\System32\SHELL32.dll
0x00007ffb09f30000 - 0x00007ffb0a6cb000 	C:\Windows\SYSTEM32\windows.storage.dll
0x00007ffb0cfb0000 - 0x00007ffb0d304000 	C:\Windows\System32\combase.dll
0x00007ffb0b890000 - 0x00007ffb0b8bd000 	C:\Windows\SYSTEM32\Wldp.dll
0x00007ffb0e6a0000 - 0x00007ffb0e74d000 	C:\Windows\System32\SHCORE.dll
0x00007ffb0c810000 - 0x00007ffb0c865000 	C:\Windows\System32\shlwapi.dll
0x00007ffb0bd90000 - 0x00007ffb0bdb5000 	C:\Windows\SYSTEM32\profapi.dll
0x00007ffb02020000 - 0x00007ffb02039000 	C:\Program Files\Android\Android Studio1\jbr\bin\net.dll
0x00007ffb06930000 - 0x00007ffb06a3a000 	C:\Windows\SYSTEM32\WINHTTP.dll
0x00007ffb0b5f0000 - 0x00007ffb0b65a000 	C:\Windows\system32\mswsock.dll
0x00007ffafbb90000 - 0x00007ffafbba6000 	C:\Program Files\Android\Android Studio1\jbr\bin\nio.dll
0x00007ffb07bb0000 - 0x00007ffb07bc0000 	C:\Program Files\Android\Android Studio1\jbr\bin\verify.dll

dbghelp: loaded successfully - version: 4.0.5 - missing functions: none
symbol engine: initialized successfully - sym options: 0x614 - pdb path: .;C:\Program Files\Android\Android Studio1\jbr\bin;C:\Windows\SYSTEM32;C:\Windows\WinSxS\amd64_microsoft.windows.common-controls_6595b64144ccf1df_6.0.19041.3636_none_60b6a03d71f818d5;C:\Program Files\Android\Android Studio1\jbr\bin\server

VM Arguments:
java_command: org.jetbrains.kotlin.cli.jvm.K2JVMCompiler @D:\mylib\pawlly-20\df\pawlly_app_source_code\customer-app\pawlly_user_app_v2.0.0\build\nb_utils\20240920_13255013581199065115.compiler.options
java_class_path (initial): C:\Users\hp\.gradle\caches\modules-2\files-2.1\org.jetbrains.kotlin\kotlin-compiler-embeddable\1.9.23\460f3eeb4ac5383e60a09898bafa9b63838cc2ea\kotlin-compiler-embeddable-1.9.23.jar;C:\Users\hp\.gradle\caches\modules-2\files-2.1\org.jetbrains.kotlin\kotlin-stdlib\1.9.23\dbaadea1f5e68f790d242a91a38355a83ec38747\kotlin-stdlib-1.9.23.jar;C:\Users\hp\.gradle\caches\modules-2\files-2.1\org.jetbrains.kotlin\kotlin-script-runtime\1.9.23\1375a7343d05891119fac57f8b50a7578420ac27\kotlin-script-runtime-1.9.23.jar;C:\Users\hp\.gradle\caches\modules-2\files-2.1\org.jetbrains.kotlin\kotlin-reflect\1.6.10\1cbe9c92c12a94eea200d23c2bbaedaf3daf5132\kotlin-reflect-1.6.10.jar;C:\Users\hp\.gradle\caches\modules-2\files-2.1\org.jetbrains.kotlin\kotlin-daemon-embeddable\1.9.23\a6ad5e888015dc4f9eb828ea753167f256093c6a\kotlin-daemon-embeddable-1.9.23.jar;C:\Users\hp\.gradle\caches\modules-2\files-2.1\org.jetbrains.intellij.deps\trove4j\1.0.20200330\3afb14d5f9ceb459d724e907a21145e8ff394f02\trove4j-1.0.20200330.jar;C:\Users\hp\.gradle\caches\modules-2\files-2.1\org.jetbrains\annotations\13.0\919f0dfe192fb4e063e7dacadee7f8bb9a2672a9\annotations-13.0.jar
Launcher Type: SUN_STANDARD

[Global flags]
     intx CICompilerCount                          = 12                                        {product} {ergonomic}
     uint ConcGCThreads                            = 5                                         {product} {ergonomic}
     uint G1ConcRefinementThreads                  = 20                                        {product} {ergonomic}
   size_t G1HeapRegionSize                         = 4194304                                   {product} {ergonomic}
    uintx GCDrainStackTargetSize                   = 64                                        {product} {ergonomic}
   size_t InitialHeapSize                          = 536870912                                 {product} {ergonomic}
   size_t MarkStackSize                            = 4194304                                   {product} {ergonomic}
   size_t MaxHeapSize                              = 8568963072                                {product} {ergonomic}
   size_t MaxNewSize                               = 5138022400                                {product} {ergonomic}
   size_t MinHeapDeltaBytes                        = 4194304                                   {product} {ergonomic}
   size_t MinHeapSize                              = 8388608                                   {product} {ergonomic}
    uintx NonNMethodCodeHeapSize                   = 7602480                                {pd product} {ergonomic}
    uintx NonProfiledCodeHeapSize                  = 122027880                              {pd product} {ergonomic}
    uintx ProfiledCodeHeapSize                     = 122027880                              {pd product} {ergonomic}
    uintx ReservedCodeCacheSize                    = 251658240                              {pd product} {ergonomic}
     bool SegmentedCodeCache                       = true                                      {product} {ergonomic}
   size_t SoftMaxHeapSize                          = 8568963072                             {manageable} {ergonomic}
     bool UseCompressedClassPointers               = true                           {product lp64_product} {ergonomic}
     bool UseCompressedOops                        = true                           {product lp64_product} {ergonomic}
     bool UseG1GC                                  = true                                      {product} {ergonomic}
     bool UseLargePagesIndividualAllocation        = false                                  {pd product} {ergonomic}

Logging:
Log output configuration:
 #0: stdout all=warning uptime,level,tags
 #1: stderr all=off uptime,level,tags

Environment Variables:
JAVA_HOME=C:\Program Files\Android\Android Studio1\jbr
CLASSPATH=D:\mylib\pawlly-20\df\pawlly_app_source_code\customer-app\pawlly_user_app_v2.0.0\android\\gradle\wrapper\gradle-wrapper.jar
PATH=C:\Program Files\Android\Android Studio1\jbr\bin;C:\Python312\Scripts\;C:\Python312\;C:\Program Files (x86)\VMware\VMware Workstation\bin\;C:\Program Files\Common Files\Oracle\Java\javapath;C:\Program Files (x86)\Common Files\Oracle\Java\java8path;C:\Program Files (x86)\Common Files\Oracle\Java\javapath;C:\Windows\system32;C:\Windows;C:\Windows\System32\Wbem;C:\Windows\System32\WindowsPowerShell\v1.0\;C:\Windows\System32\OpenSSH\;C:\Program Files\Java\jdk-11\bin;C:\Program Files\Dart\dart-sdk\bin;C:\Program Files\Dart\dart-sdk\bin;C:\Program Files\Git\cmd;C:\flutter\bin;C:\Windows;C:\xampp\php;C:\ProgramData\ComposerSetup\bin;C:\sqllite;C:\Program Files\dex2jar;C:\ProgramData\chocolatey\bin;C:\ngrok-v3-stable-windows-amd64;C:\flutter_windows_3.10.4-stable\flutter\bin;C:\Users\hp\.gradle\caches\journal-1\file-access.bin;C:\Users\hp\AppData\Local\Android\Sdk\build-tools\29.0.2;C:\Users\hp\AppData\Local\Android\Sdk\platform-tools;C:\Python312;C:\ffmpeg-master-latest-win64-gpl\bin\;C:\Program Files\chrome-win64\chrome-win64;C:\Program Files\dotnet\;C:\Program Files (x86)\dotnet\;C:\Users\hp\AppData\Roaming\npm;C:\Users\hp\AppData\Local\Pub\Cache\bin;C:\Program Files\nodejs\;C:\Users\hp\AppData\Local\Pub\Cache\bin;C:\Users\hp\AppData\Roaming\npm;C:\Python312\Scripts\;C:\Python312\;C:\Program Files (x86)\VMware\VMware Workstation\bin\;C:\Program Files\Common Files\Oracle\Java\javapath;C:\Program Files (x86)\Common Files\Oracle\Java\java8path;C:\Program Files (x86)\Common Files\Oracle\Java\javapath;C:\Windows\system32;C:\Windows;C:\Windows\System32\Wbem;C:\Windows\System32\WindowsPowerShell\v1.0\;C:\Windows\System32\OpenSSH\;C:\Program Files\Java\jdk-11\bin;C:\Program Files\Dart\dart-sdk\bin;C:\Program Files\Dart\dart-sdk\bin;C:\Program Files\Git\cmd;C:\flutter\bin;C:\Windows;C:\xampp\php;C:\ProgramData\ComposerSetup\bin;C:\sqllite;C:\Program Files\dex2jar;C:\ProgramData\chocolatey\bin;C:\ngrok-v3-stable-windows-amd64;C:\flutter_windows_3.10.4-stable\flutter\bin;C:\Users
USERNAME=hp
OS=Windows_NT
PROCESSOR_IDENTIFIER=Intel64 Family 6 Model 79 Stepping 1, GenuineIntel
TMP=C:\Users\hp\AppData\Local\Temp
TEMP=C:\Users\hp\AppData\Local\Temp



Periodic native trim disabled

JNI global refs:
JNI global refs: 26, weak refs: 13

JNI global refs memory usage: 843, weak refs: 841

OOME stack traces (most recent first):
Classloader memory used:
Loader jdk.internal.loader.ClassLoaders$AppClassLoader                                 : 5179K
Loader bootstrap                                                                       : 1304K
Loader jdk.internal.reflect.DelegatingClassLoader                                      : 6225B


---------------  S Y S T E M  ---------------

OS:
 Windows 10 , 64 bit Build 19041 (10.0.19041.3636)
OS uptime: 0 days 8:24 hours

CPU: total 28 (initial active 28) (14 cores per cpu, 2 threads per core) family 6 model 79 stepping 1 microcode 0xb000038, cx8, cmov, fxsr, ht, mmx, 3dnowpref, sse, sse2, sse3, ssse3, sse4.1, sse4.2, popcnt, lzcnt, tsc, tscinvbit, avx, avx2, aes, erms, clmul, bmi1, bmi2, rtm, adx, fma, vzeroupper, clflush
Processor Information for all 28 processors :
  Max Mhz: 2401, Current Mhz: 2401, Mhz Limit: 2401

Memory: 4k page, system-wide physical 32684M (7152M free)
TotalPageFile size 34732M (AvailPageFile size 128M)
current process WorkingSet (physical memory assigned to process): 280M, peak: 285M
current process commit charge ("private bytes"): 343M, peak: 657M

vm_info: OpenJDK 64-Bit Server VM (17.0.9+0--11185874) for windows-amd64 JRE (17.0.9+0--11185874), built on Dec  6 2023 18:57:44 by "androidbuild" with MS VC++ 16.10 / 16.11 (VS2019)

END.
