#
# There is insufficient memory for the Java Runtime Environment to continue.
# Native memory allocation (mmap) failed to map 536870912 bytes for G1 virtual space
# Possible reasons:
#   The system is out of physical RAM or swap space
#   The process is running with CompressedOops enabled, and the Java Heap may be blocking the growth of the native heap
# Possible solutions:
#   Reduce memory load on the system
#   Increase physical memory or swap space
#   Check if swap backing store is full
#   Decrease Java heap size (-Xmx/-Xms)
#   Decrease number of Java threads
#   Decrease Java thread stack sizes (-Xss)
#   Set larger code cache with -XX:ReservedCodeCacheSize=
#   JVM is running with Zero Based Compressed Oops mode in which the Java heap is
#     placed in the first 32GB address space. The Java Heap base address is the
#     maximum limit for the native heap growth. Please use -XX:HeapBaseMinAddress
#     to set the Java Heap base and to place the Java Heap above 32GB virtual address.
# This output file may be truncated or incomplete.
#
#  Out of Memory Error (os_windows.cpp:3825), pid=28240, tid=17592
#
# JRE version:  (17.0.9) (build )
# Java VM: OpenJDK 64-Bit Server VM (17.0.9+0--11185874, mixed mode, sharing, tiered, compressed oops, compressed class ptrs, g1 gc, windows-amd64)
# No core dump will be written. Minidumps are not enabled by default on client versions of Windows
#

---------------  S U M M A R Y ------------

Command Line: org.jetbrains.kotlin.cli.jvm.K2JVMCompiler @D:\mylib\pawlly-20\df\pawlly_app_source_code\customer-app\pawlly_user_app_v2.0.0\build\phonepe_payment_sdk\20240920_7114180932931614086.compiler.options

Host: Intel(R) Xeon(R) CPU E5-2680 v4 @ 2.40GHz, 28 cores, 31G,  Windows 10 , 64 bit Build 19041 (10.0.19041.3636)
Time: Fri Sep 20 22:56:06 2024 Egypt Daylight Time elapsed time: 0.016248 seconds (0d 0h 0m 0s)

---------------  T H R E A D  ---------------

Current thread (0x000001f2e8662c50):  JavaThread "Unknown thread" [_thread_in_vm, id=17592, stack(0x000000408cf00000,0x000000408d000000)]

Stack: [0x000000408cf00000,0x000000408d000000]
Native frames: (J=compiled Java code, j=interpreted, Vv=VM code, C=native code)
V  [jvm.dll+0x6886e9]
V  [jvm.dll+0x841e4a]
V  [jvm.dll+0x843a8e]
V  [jvm.dll+0x8440f3]
V  [jvm.dll+0x24c14f]
V  [jvm.dll+0x685499]
V  [jvm.dll+0x679c2a]
V  [jvm.dll+0x30cf9b]
V  [jvm.dll+0x314446]
V  [jvm.dll+0x36425e]
V  [jvm.dll+0x36448f]
V  [jvm.dll+0x2e2d68]
V  [jvm.dll+0x2e3cd4]
V  [jvm.dll+0x8129f1]
V  [jvm.dll+0x3720c1]
V  [jvm.dll+0x7f152c]
V  [jvm.dll+0x3f5d4f]
V  [jvm.dll+0x3f7981]
C  [jli.dll+0x528f]
C  [ucrtbase.dll+0x21bb2]
C  [KERNEL32.DLL+0x17344]
C  [ntdll.dll+0x526b1]


---------------  P R O C E S S  ---------------

Threads class SMR info:
_java_thread_list=0x00007ffa6a59ef18, length=0, elements={
}

Java Threads: ( => current thread )

Other Threads:
  0x000001f2e87144b0 GCTaskThread "GC Thread#0" [stack: 0x000000408d000000,0x000000408d100000] [id=23600]
  0x000001f2feca8040 ConcurrentGCThread "G1 Main Marker" [stack: 0x000000408d100000,0x000000408d200000] [id=13260]
  0x000001f2e871d6a0 ConcurrentGCThread "G1 Conc#0" [stack: 0x000000408d200000,0x000000408d300000] [id=12868]

[error occurred during error reporting (printing all threads), id 0xc0000005, EXCEPTION_ACCESS_VIOLATION (0xc0000005) at pc=0x00007ffa69d53937]

VM state: not at safepoint (not fully initialized)

VM Mutex/Monitor currently owned by a thread:  ([mutex/lock_event])
[0x000001f2e865e6b0] Heap_lock - owner thread: 0x000001f2e8662c50

Heap address: 0x0000000601400000, size: 8172 MB, Compressed Oops mode: Zero based, Oop shift amount: 3

CDS archive(s) mapped at: [0x0000000000000000-0x0000000000000000-0x0000000000000000), size 0, SharedBaseAddress: 0x0000000800000000, ArchiveRelocationMode: 1.
Narrow klass base: 0x0000000000000000, Narrow klass shift: 0, Narrow klass range: 0x0

GC Precious Log:
<Empty>

Heap:
 garbage-first heap   total 0K, used 0K [0x0000000601400000, 0x0000000800000000)
  region size 4096K, 0 young (0K), 0 survivors (0K)
 Metaspace       used 0K, committed 0K, reserved 0K
  class space    used 0K, committed 0K, reserved 0K

Heap Regions: E=young(eden), S=young(survivor), O=old, HS=humongous(starts), HC=humongous(continues), CS=collection set, F=free, OA=open archive, CA=closed archive, TAMS=top-at-mark-start (previous, next)

Card table byte_map: [0x000001f2fcb50000,0x000001f2fdb50000] _byte_map_base: 0x000001f2f9b46000

Marking Bits (Prev, Next): (CMBitMap*) 0x000001f2e8714ad0, (CMBitMap*) 0x000001f2e8714b10
 Prev Bits: [0x000001f280000000, 0x000001f287fb0000)
 Next Bits: [0x000001f287fb0000, 0x000001f28ff60000)

GC Heap History (0 events):
No events

Dll operation events (1 events):
Event: 0.009 Loaded shared library C:\Program Files\Android\Android Studio1\jbr\bin\java.dll

Deoptimization events (0 events):
No events

Classes unloaded (0 events):
No events

Classes redefined (0 events):
No events

Internal exceptions (0 events):
No events

VM Operations (0 events):
No events

Events (0 events):
No events


Dynamic libraries:
0x00007ff7dca20000 - 0x00007ff7dca2a000 	C:\Program Files\Android\Android Studio1\jbr\bin\java.exe
0x00007ffb0e790000 - 0x00007ffb0e988000 	C:\Windows\SYSTEM32\ntdll.dll
0x00007ffb0ca50000 - 0x00007ffb0cb0d000 	C:\Windows\System32\KERNEL32.DLL
0x00007ffb0bfd0000 - 0x00007ffb0c2c6000 	C:\Windows\System32\KERNELBASE.dll
0x00007ffb0bed0000 - 0x00007ffb0bfd0000 	C:\Windows\System32\ucrtbase.dll
0x00007ffafb1b0000 - 0x00007ffafb1c7000 	C:\Program Files\Android\Android Studio1\jbr\bin\jli.dll
0x00007ffaf31a0000 - 0x00007ffaf31bb000 	C:\Program Files\Android\Android Studio1\jbr\bin\VCRUNTIME140.dll
0x00007ffb0c8b0000 - 0x00007ffb0ca4e000 	C:\Windows\System32\USER32.dll
0x00007ffb0c530000 - 0x00007ffb0c552000 	C:\Windows\System32\win32u.dll
0x00007ffaf0830000 - 0x00007ffaf0aca000 	C:\Windows\WinSxS\amd64_microsoft.windows.common-controls_6595b64144ccf1df_6.0.19041.3636_none_60b6a03d71f818d5\COMCTL32.dll
0x00007ffb0c7e0000 - 0x00007ffb0c80c000 	C:\Windows\System32\GDI32.dll
0x00007ffb0d7c0000 - 0x00007ffb0d85e000 	C:\Windows\System32\msvcrt.dll
0x00007ffb0c6c0000 - 0x00007ffb0c7da000 	C:\Windows\System32\gdi32full.dll
0x00007ffb0c360000 - 0x00007ffb0c3fd000 	C:\Windows\System32\msvcp_win.dll
0x00007ffb0c870000 - 0x00007ffb0c8a0000 	C:\Windows\System32\IMM32.DLL
0x00007ffafb950000 - 0x00007ffafb95c000 	C:\Program Files\Android\Android Studio1\jbr\bin\vcruntime140_1.dll
0x00007ffab1340000 - 0x00007ffab13cd000 	C:\Program Files\Android\Android Studio1\jbr\bin\msvcp140.dll
0x00007ffa69a60000 - 0x00007ffa6a6e3000 	C:\Program Files\Android\Android Studio1\jbr\bin\server\jvm.dll
0x00007ffb0cb90000 - 0x00007ffb0cc43000 	C:\Windows\System32\ADVAPI32.dll
0x00007ffb0d310000 - 0x00007ffb0d3af000 	C:\Windows\System32\sechost.dll
0x00007ffb0ce80000 - 0x00007ffb0cfa6000 	C:\Windows\System32\RPCRT4.dll
0x00007ffb0c500000 - 0x00007ffb0c527000 	C:\Windows\System32\bcrypt.dll
0x00007ffb0b3b0000 - 0x00007ffb0b3fb000 	C:\Windows\SYSTEM32\POWRPROF.dll
0x00007ffafc100000 - 0x00007ffafc109000 	C:\Windows\SYSTEM32\WSOCK32.dll
0x00007ffb03210000 - 0x00007ffb0321a000 	C:\Windows\SYSTEM32\VERSION.dll
0x00007ffb0da70000 - 0x00007ffb0dadb000 	C:\Windows\System32\WS2_32.dll
0x00007ffb031e0000 - 0x00007ffb03207000 	C:\Windows\SYSTEM32\WINMM.dll
0x00007ffb0b270000 - 0x00007ffb0b282000 	C:\Windows\SYSTEM32\UMPDC.dll
0x00007ffb09d30000 - 0x00007ffb09d42000 	C:\Windows\SYSTEM32\kernel.appcore.dll
0x00007ffb07bc0000 - 0x00007ffb07bca000 	C:\Program Files\Android\Android Studio1\jbr\bin\jimage.dll
0x00007ffb05030000 - 0x00007ffb05214000 	C:\Windows\SYSTEM32\DBGHELP.DLL
0x00007ffaf8710000 - 0x00007ffaf8744000 	C:\Windows\SYSTEM32\dbgcore.DLL
0x00007ffb0c2d0000 - 0x00007ffb0c352000 	C:\Windows\System32\bcryptPrimitives.dll
0x00007ffaee320000 - 0x00007ffaee345000 	C:\Program Files\Android\Android Studio1\jbr\bin\java.dll

dbghelp: loaded successfully - version: 4.0.5 - missing functions: none
symbol engine: initialized successfully - sym options: 0x614 - pdb path: .;C:\Program Files\Android\Android Studio1\jbr\bin;C:\Windows\SYSTEM32;C:\Windows\WinSxS\amd64_microsoft.windows.common-controls_6595b64144ccf1df_6.0.19041.3636_none_60b6a03d71f818d5;C:\Program Files\Android\Android Studio1\jbr\bin\server

VM Arguments:
java_command: org.jetbrains.kotlin.cli.jvm.K2JVMCompiler @D:\mylib\pawlly-20\df\pawlly_app_source_code\customer-app\pawlly_user_app_v2.0.0\build\phonepe_payment_sdk\20240920_7114180932931614086.compiler.options
java_class_path (initial): C:\Users\hp\.gradle\caches\modules-2\files-2.1\org.jetbrains.kotlin\kotlin-compiler-embeddable\1.9.23\460f3eeb4ac5383e60a09898bafa9b63838cc2ea\kotlin-compiler-embeddable-1.9.23.jar;C:\Users\hp\.gradle\caches\modules-2\files-2.1\org.jetbrains.kotlin\kotlin-stdlib\1.9.23\dbaadea1f5e68f790d242a91a38355a83ec38747\kotlin-stdlib-1.9.23.jar;C:\Users\hp\.gradle\caches\modules-2\files-2.1\org.jetbrains.kotlin\kotlin-script-runtime\1.9.23\1375a7343d05891119fac57f8b50a7578420ac27\kotlin-script-runtime-1.9.23.jar;C:\Users\hp\.gradle\caches\modules-2\files-2.1\org.jetbrains.kotlin\kotlin-reflect\1.6.10\1cbe9c92c12a94eea200d23c2bbaedaf3daf5132\kotlin-reflect-1.6.10.jar;C:\Users\hp\.gradle\caches\modules-2\files-2.1\org.jetbrains.kotlin\kotlin-daemon-embeddable\1.9.23\a6ad5e888015dc4f9eb828ea753167f256093c6a\kotlin-daemon-embeddable-1.9.23.jar;C:\Users\hp\.gradle\caches\modules-2\files-2.1\org.jetbrains.intellij.deps\trove4j\1.0.20200330\3afb14d5f9ceb459d724e907a21145e8ff394f02\trove4j-1.0.20200330.jar;C:\Users\hp\.gradle\caches\modules-2\files-2.1\org.jetbrains\annotations\13.0\919f0dfe192fb4e063e7dacadee7f8bb9a2672a9\annotations-13.0.jar
Launcher Type: SUN_STANDARD

[Global flags]
     intx CICompilerCount                          = 12                                        {product} {ergonomic}
     uint ConcGCThreads                            = 5                                         {product} {ergonomic}
     uint G1ConcRefinementThreads                  = 20                                        {product} {ergonomic}
   size_t G1HeapRegionSize                         = 4194304                                   {product} {ergonomic}
    uintx GCDrainStackTargetSize                   = 64                                        {product} {ergonomic}
   size_t InitialHeapSize                          = 536870912                                 {product} {ergonomic}
   size_t MarkStackSize                            = 4194304                                   {product} {ergonomic}
   size_t MaxHeapSize                              = 8568963072                                {product} {ergonomic}
   size_t MinHeapDeltaBytes                        = 4194304                                   {product} {ergonomic}
   size_t MinHeapSize                              = 8388608                                   {product} {ergonomic}
    uintx NonNMethodCodeHeapSize                   = 7602480                                {pd product} {ergonomic}
    uintx NonProfiledCodeHeapSize                  = 122027880                              {pd product} {ergonomic}
    uintx ProfiledCodeHeapSize                     = 122027880                              {pd product} {ergonomic}
    uintx ReservedCodeCacheSize                    = 251658240                              {pd product} {ergonomic}
     bool SegmentedCodeCache                       = true                                      {product} {ergonomic}
   size_t SoftMaxHeapSize                          = 8568963072                             {manageable} {ergonomic}
     bool UseCompressedClassPointers               = true                           {product lp64_product} {ergonomic}
     bool UseCompressedOops                        = true                           {product lp64_product} {ergonomic}
     bool UseG1GC                                  = true                                      {product} {ergonomic}
     bool UseLargePagesIndividualAllocation        = false                                  {pd product} {ergonomic}

Logging:
Log output configuration:
 #0: stdout all=warning uptime,level,tags
 #1: stderr all=off uptime,level,tags

Environment Variables:
JAVA_HOME=C:\Program Files\Android\Android Studio1\jbr
CLASSPATH=D:\mylib\pawlly-20\df\pawlly_app_source_code\customer-app\pawlly_user_app_v2.0.0\android\\gradle\wrapper\gradle-wrapper.jar
PATH=C:\Program Files\Android\Android Studio1\jbr\bin;C:\Python312\Scripts\;C:\Python312\;C:\Program Files (x86)\VMware\VMware Workstation\bin\;C:\Program Files\Common Files\Oracle\Java\javapath;C:\Program Files (x86)\Common Files\Oracle\Java\java8path;C:\Program Files (x86)\Common Files\Oracle\Java\javapath;C:\Windows\system32;C:\Windows;C:\Windows\System32\Wbem;C:\Windows\System32\WindowsPowerShell\v1.0\;C:\Windows\System32\OpenSSH\;C:\Program Files\Java\jdk-11\bin;C:\Program Files\Dart\dart-sdk\bin;C:\Program Files\Dart\dart-sdk\bin;C:\Program Files\Git\cmd;C:\flutter\bin;C:\Windows;C:\xampp\php;C:\ProgramData\ComposerSetup\bin;C:\sqllite;C:\Program Files\dex2jar;C:\ProgramData\chocolatey\bin;C:\ngrok-v3-stable-windows-amd64;C:\flutter_windows_3.10.4-stable\flutter\bin;C:\Users\hp\.gradle\caches\journal-1\file-access.bin;C:\Users\hp\AppData\Local\Android\Sdk\build-tools\29.0.2;C:\Users\hp\AppData\Local\Android\Sdk\platform-tools;C:\Python312;C:\ffmpeg-master-latest-win64-gpl\bin\;C:\Program Files\chrome-win64\chrome-win64;C:\Program Files\dotnet\;C:\Program Files (x86)\dotnet\;C:\Users\hp\AppData\Roaming\npm;C:\Users\hp\AppData\Local\Pub\Cache\bin;C:\Program Files\nodejs\;C:\Users\hp\AppData\Local\Pub\Cache\bin;C:\Users\hp\AppData\Roaming\npm;C:\Python312\Scripts\;C:\Python312\;C:\Program Files (x86)\VMware\VMware Workstation\bin\;C:\Program Files\Common Files\Oracle\Java\javapath;C:\Program Files (x86)\Common Files\Oracle\Java\java8path;C:\Program Files (x86)\Common Files\Oracle\Java\javapath;C:\Windows\system32;C:\Windows;C:\Windows\System32\Wbem;C:\Windows\System32\WindowsPowerShell\v1.0\;C:\Windows\System32\OpenSSH\;C:\Program Files\Java\jdk-11\bin;C:\Program Files\Dart\dart-sdk\bin;C:\Program Files\Dart\dart-sdk\bin;C:\Program Files\Git\cmd;C:\flutter\bin;C:\Windows;C:\xampp\php;C:\ProgramData\ComposerSetup\bin;C:\sqllite;C:\Program Files\dex2jar;C:\ProgramData\chocolatey\bin;C:\ngrok-v3-stable-windows-amd64;C:\flutter_windows_3.10.4-stable\flutter\bin;C:\Users
USERNAME=hp
OS=Windows_NT
PROCESSOR_IDENTIFIER=Intel64 Family 6 Model 79 Stepping 1, GenuineIntel
TMP=C:\Users\hp\AppData\Local\Temp
TEMP=C:\Users\hp\AppData\Local\Temp



Periodic native trim disabled

JNI global refs:
JNI global refs: 0, weak refs: 0

JNI global refs memory usage: 0, weak refs: 0

OOME stack traces (most recent first):
Classloader memory used:


---------------  S Y S T E M  ---------------

OS:
 Windows 10 , 64 bit Build 19041 (10.0.19041.3636)
OS uptime: 0 days 8:16 hours

CPU: total 28 (initial active 28) (14 cores per cpu, 2 threads per core) family 6 model 79 stepping 1 microcode 0xb000038, cx8, cmov, fxsr, ht, mmx, 3dnowpref, sse, sse2, sse3, ssse3, sse4.1, sse4.2, popcnt, lzcnt, tsc, tscinvbit, avx, avx2, aes, erms, clmul, bmi1, bmi2, rtm, adx, fma, vzeroupper, clflush
Processor Information for all 28 processors :
  Max Mhz: 2401, Current Mhz: 2401, Mhz Limit: 2401

Memory: 4k page, system-wide physical 32684M (9076M free)
TotalPageFile size 34665M (AvailPageFile size 182M)
current process WorkingSet (physical memory assigned to process): 11M, peak: 11M
current process commit charge ("private bytes"): 86M, peak: 598M

vm_info: OpenJDK 64-Bit Server VM (17.0.9+0--11185874) for windows-amd64 JRE (17.0.9+0--11185874), built on Dec  6 2023 18:57:44 by "androidbuild" with MS VC++ 16.10 / 16.11 (VS2019)

END.
