#
# There is insufficient memory for the Java Runtime Environment to continue.
# Native memory allocation (mmap) failed to map 184549376 bytes for G1 virtual space
# Possible reasons:
#   The system is out of physical RAM or swap space
#   The process is running with CompressedOops enabled, and the Java Heap may be blocking the growth of the native heap
# Possible solutions:
#   Reduce memory load on the system
#   Increase physical memory or swap space
#   Check if swap backing store is full
#   Decrease Java heap size (-Xmx/-Xms)
#   Decrease number of Java threads
#   Decrease Java thread stack sizes (-Xss)
#   Set larger code cache with -XX:ReservedCodeCacheSize=
#   JVM is running with Zero Based Compressed Oops mode in which the Java heap is
#     placed in the first 32GB address space. The Java Heap base address is the
#     maximum limit for the native heap growth. Please use -XX:HeapBaseMinAddress
#     to set the Java Heap base and to place the Java Heap above 32GB virtual address.
# This output file may be truncated or incomplete.
#
#  Out of Memory Error (os_windows.cpp:3825), pid=19960, tid=12764
#
# JRE version: OpenJDK Runtime Environment (17.0.9) (build 17.0.9+0--11185874)
# Java VM: OpenJDK 64-Bit Server VM (17.0.9+0--11185874, mixed mode, tiered, compressed oops, compressed class ptrs, g1 gc, windows-amd64)
# No core dump will be written. Minidumps are not enabled by default on client versions of Windows
#

---------------  S U M M A R Y ------------

Command Line: org.jetbrains.kotlin.cli.jvm.K2JVMCompiler @D:\mylib\pawlly-20\df\pawlly_app_source_code\customer-app\pawlly_user_app_v2.0.0\build\flutter_paystack\20240920_1948303885340011838.compiler.options

Host: Intel(R) Xeon(R) CPU E5-2680 v4 @ 2.40GHz, 28 cores, 31G,  Windows 10 , 64 bit Build 19041 (10.0.19041.3636)
Time: Fri Sep 20 23:07:26 2024 Egypt Daylight Time elapsed time: 4.440998 seconds (0d 0h 0m 4s)

---------------  T H R E A D  ---------------

Current thread (0x00000291fbafb7d0):  VMThread "VM Thread" [stack: 0x000000e615b00000,0x000000e615c00000] [id=12764]

Stack: [0x000000e615b00000,0x000000e615c00000]
Native frames: (J=compiled Java code, j=interpreted, Vv=VM code, C=native code)
V  [jvm.dll+0x6886e9]
V  [jvm.dll+0x841e4a]
V  [jvm.dll+0x843a8e]
V  [jvm.dll+0x8440f3]
V  [jvm.dll+0x24c14f]
V  [jvm.dll+0x685499]
V  [jvm.dll+0x679c2a]
V  [jvm.dll+0x30cf9b]
V  [jvm.dll+0x314446]
V  [jvm.dll+0x36425e]
V  [jvm.dll+0x36448f]
V  [jvm.dll+0x2e2d68]
V  [jvm.dll+0x2e0f44]
V  [jvm.dll+0x2e054c]
V  [jvm.dll+0x3253fb]
V  [jvm.dll+0x8487eb]
V  [jvm.dll+0x849531]
V  [jvm.dll+0x849a4d]
V  [jvm.dll+0x849e24]
V  [jvm.dll+0x849ef0]
V  [jvm.dll+0x7f06aa]
V  [jvm.dll+0x687565]
C  [ucrtbase.dll+0x21bb2]
C  [KERNEL32.DLL+0x17344]
C  [ntdll.dll+0x526b1]

VM_Operation (0x000000e6155fbe00): G1CollectForAllocation, mode: safepoint, requested by thread 0x00000291d1d43750


---------------  P R O C E S S  ---------------

Threads class SMR info:
_java_thread_list=0x00000291880b5f60, length=20, elements={
0x00000291d1d43750, 0x00000291fbb002f0, 0x00000291fbb01170, 0x00000291fbb4c910,
0x00000291fbb4d3e0, 0x00000291fbb505c0, 0x00000291fbb50f80, 0x00000291fbb52740,
0x00000291fbb53400, 0x00000291fbb72920, 0x00000291fbc42bb0, 0x00000291fbd15e60,
0x00000291fbd1e9b0, 0x00000291fbd1c5e0, 0x00000291fbd1d170, 0x0000029184118070,
0x0000029184c07f40, 0x0000029184c28650, 0x00000291874bf8d0, 0x00000291872f6ff0
}

Java Threads: ( => current thread )
  0x00000291d1d43750 JavaThread "main" [_thread_blocked, id=3928, stack(0x000000e615500000,0x000000e615600000)]
  0x00000291fbb002f0 JavaThread "Reference Handler" daemon [_thread_blocked, id=12688, stack(0x000000e615c00000,0x000000e615d00000)]
  0x00000291fbb01170 JavaThread "Finalizer" daemon [_thread_blocked, id=12680, stack(0x000000e615d00000,0x000000e615e00000)]
  0x00000291fbb4c910 JavaThread "Signal Dispatcher" daemon [_thread_blocked, id=15136, stack(0x000000e615e00000,0x000000e615f00000)]
  0x00000291fbb4d3e0 JavaThread "Attach Listener" daemon [_thread_blocked, id=15048, stack(0x000000e615f00000,0x000000e616000000)]
  0x00000291fbb505c0 JavaThread "Service Thread" daemon [_thread_blocked, id=22012, stack(0x000000e616000000,0x000000e616100000)]
  0x00000291fbb50f80 JavaThread "Monitor Deflation Thread" daemon [_thread_blocked, id=13956, stack(0x000000e616100000,0x000000e616200000)]
  0x00000291fbb52740 JavaThread "C2 CompilerThread0" daemon [_thread_blocked, id=14736, stack(0x000000e616200000,0x000000e616300000)]
  0x00000291fbb53400 JavaThread "C1 CompilerThread0" daemon [_thread_blocked, id=26144, stack(0x000000e616300000,0x000000e616400000)]
  0x00000291fbb72920 JavaThread "Sweeper thread" daemon [_thread_blocked, id=17952, stack(0x000000e616400000,0x000000e616500000)]
  0x00000291fbc42bb0 JavaThread "C1 CompilerThread1" daemon [_thread_blocked, id=22524, stack(0x000000e616500000,0x000000e616600000)]
  0x00000291fbd15e60 JavaThread "C1 CompilerThread2" daemon [_thread_blocked, id=15072, stack(0x000000e616600000,0x000000e616700000)]
  0x00000291fbd1e9b0 JavaThread "C1 CompilerThread3" daemon [_thread_blocked, id=24420, stack(0x000000e616700000,0x000000e616800000)]
  0x00000291fbd1c5e0 JavaThread "Notification Thread" daemon [_thread_blocked, id=20196, stack(0x000000e616800000,0x000000e616900000)]
  0x00000291fbd1d170 JavaThread "Common-Cleaner" daemon [_thread_blocked, id=21112, stack(0x000000e616a00000,0x000000e616b00000)]
  0x0000029184118070 JavaThread "C2 CompilerThread1" daemon [_thread_blocked, id=13792, stack(0x000000e616b00000,0x000000e616c00000)]
  0x0000029184c07f40 JavaThread "C2 CompilerThread2" daemon [_thread_blocked, id=5404, stack(0x000000e617b00000,0x000000e617c00000)]
  0x0000029184c28650 JavaThread "C2 CompilerThread3" daemon [_thread_blocked, id=23164, stack(0x000000e617c00000,0x000000e617d00000)]
  0x00000291874bf8d0 JavaThread "C2 CompilerThread4" daemon [_thread_blocked, id=24860, stack(0x000000e618000000,0x000000e618100000)]
  0x00000291872f6ff0 JavaThread "C2 CompilerThread5" daemon [_thread_blocked, id=25148, stack(0x000000e618100000,0x000000e618200000)]

Other Threads:
=>0x00000291fbafb7d0 VMThread "VM Thread" [stack: 0x000000e615b00000,0x000000e615c00000] [id=12764]
  0x00000291fbd1cac0 WatcherThread [stack: 0x000000e616900000,0x000000e616a00000] [id=25764]
  0x00000291d1df5740 GCTaskThread "GC Thread#0" [stack: 0x000000e615600000,0x000000e615700000] [id=21312]
  0x000002918465dcb0 GCTaskThread "GC Thread#1" [stack: 0x000000e616c00000,0x000000e616d00000] [id=29556]
  0x00000291846d32d0 GCTaskThread "GC Thread#2" [stack: 0x000000e616d00000,0x000000e616e00000] [id=24684]
  0x00000291846d3590 GCTaskThread "GC Thread#3" [stack: 0x000000e616e00000,0x000000e616f00000] [id=5372]
  0x00000291846d3850 GCTaskThread "GC Thread#4" [stack: 0x000000e616f00000,0x000000e617000000] [id=13112]
  0x00000291846d3b10 GCTaskThread "GC Thread#5" [stack: 0x000000e617000000,0x000000e617100000] [id=13292]
  0x00000291846e5420 GCTaskThread "GC Thread#6" [stack: 0x000000e617100000,0x000000e617200000] [id=29224]
  0x00000291846e56e0 GCTaskThread "GC Thread#7" [stack: 0x000000e617200000,0x000000e617300000] [id=11380]
  0x00000291846e59a0 GCTaskThread "GC Thread#8" [stack: 0x000000e617300000,0x000000e617400000] [id=27728]
  0x00000291846e6680 GCTaskThread "GC Thread#9" [stack: 0x000000e617400000,0x000000e617500000] [id=13656]
  0x00000291846e7570 GCTaskThread "GC Thread#10" [stack: 0x000000e617500000,0x000000e617600000] [id=9492]
  0x00000291846e7830 GCTaskThread "GC Thread#11" [stack: 0x000000e617600000,0x000000e617700000] [id=18540]
  0x0000029184b9dea0 GCTaskThread "GC Thread#12" [stack: 0x000000e617d00000,0x000000e617e00000] [id=23848]
  0x00000291857720d0 GCTaskThread "GC Thread#13" [stack: 0x000000e617e00000,0x000000e617f00000] [id=9428]
  0x0000029185773410 GCTaskThread "GC Thread#14" [stack: 0x000000e617f00000,0x000000e618000000] [id=27624]
  0x0000029185775250 GCTaskThread "GC Thread#15" [stack: 0x000000e618300000,0x000000e618400000] [id=26700]
  0x0000029185771890 GCTaskThread "GC Thread#16" [stack: 0x000000e618400000,0x000000e618500000] [id=3728]
  0x0000029185773f10 GCTaskThread "GC Thread#17" [stack: 0x000000e618200000,0x000000e618300000] [id=9392]
  0x00000291874bd660 GCTaskThread "GC Thread#18" [stack: 0x000000e618500000,0x000000e618600000] [id=6680]
  0x00000291d1dfe6d0 ConcurrentGCThread "G1 Main Marker" [stack: 0x000000e615700000,0x000000e615800000] [id=7816]
  0x00000291f82c8940 ConcurrentGCThread "G1 Conc#0" [stack: 0x000000e615800000,0x000000e615900000] [id=11560]
  0x0000029184b48dc0 ConcurrentGCThread "G1 Conc#1" [stack: 0x000000e617700000,0x000000e617800000] [id=25116]
  0x0000029184b9dbe0 ConcurrentGCThread "G1 Conc#2" [stack: 0x000000e617800000,0x000000e617900000] [id=15708]
  0x0000029184b9e9a0 ConcurrentGCThread "G1 Conc#3" [stack: 0x000000e617900000,0x000000e617a00000] [id=25984]
  0x0000029184b9ec60 ConcurrentGCThread "G1 Conc#4" [stack: 0x000000e617a00000,0x000000e617b00000] [id=10504]
  0x00000291f8409680 ConcurrentGCThread "G1 Refine#0" [stack: 0x000000e615900000,0x000000e615a00000] [id=12760]
  0x00000291f840a0b0 ConcurrentGCThread "G1 Service" [stack: 0x000000e615a00000,0x000000e615b00000] [id=20516]

Threads with active compile tasks:
C2 CompilerThread0     4471 4828       4       gnu.trove.TObjectHash::index (146 bytes)
C1 CompilerThread0     4471 4854       3       javaslang.collection.HashMap::put (19 bytes)
C1 CompilerThread1     4471 4857       3       javaslang.collection.HashArrayMappedTrieModule$LeafNode::<init> (5 bytes)
C1 CompilerThread2     4471 4856       3       javaslang.collection.HashArrayMappedTrieModule$LeafSingleton::<init> (20 bytes)
C1 CompilerThread3     4471 4855       3       javaslang.collection.HashArrayMappedTrieModule$AbstractNode::put (15 bytes)
C2 CompilerThread1     4471 4814       4       org.jetbrains.kotlin.resolve.DescriptorUtils::getFqNameUnsafe (76 bytes)
C2 CompilerThread2     4471 4799       4       org.jetbrains.org.objectweb.asm.ClassReader::readElementValue (1237 bytes)
C2 CompilerThread3     4471 4739       4       org.jetbrains.kotlin.load.java.lazy.descriptors.JvmPackageScope::getContributedClassifier (142 bytes)
C2 CompilerThread4     4471 4815       4       org.jetbrains.kotlin.types.KotlinType::equals (56 bytes)
C2 CompilerThread5     4471 4778       4       org.jetbrains.org.objectweb.asm.Type::getArgumentTypes (154 bytes)

VM state: at safepoint (normal execution)

VM Mutex/Monitor currently owned by a thread:  ([mutex/lock_event])
[0x00000291d1d40a70] Threads_lock - owner thread: 0x00000291fbafb7d0
[0x00000291d1d40170] Heap_lock - owner thread: 0x00000291d1d43750

Heap address: 0x0000000601400000, size: 8172 MB, Compressed Oops mode: Zero based, Oop shift amount: 3

CDS archive(s) not mapped
Compressed class space mapped at: 0x0000000800000000-0x0000000840000000, reserved size: 1073741824
Narrow klass base: 0x0000000800000000, Narrow klass shift: 0, Narrow klass range: 0x40000000

GC Precious Log:
 CPUs: 28 total, 28 available
 Memory: 32684M
 Large Page Support: Disabled
 NUMA Support: Disabled
 Compressed Oops: Enabled (Zero based)
 Heap Region Size: 4M
 Heap Min Capacity: 8M
 Heap Initial Capacity: 512M
 Heap Max Capacity: 8172M
 Pre-touch: Disabled
 Parallel Workers: 20
 Concurrent Workers: 5
 Concurrent Refinement Workers: 20
 Periodic GC: Disabled

Heap:
 garbage-first heap   total 81920K, used 30169K [0x0000000601400000, 0x0000000800000000)
  region size 4096K, 1 young (4096K), 1 survivors (4096K)
 Metaspace       used 48460K, committed 48640K, reserved 1114112K
  class space    used 5677K, committed 5760K, reserved 1048576K

Heap Regions: E=young(eden), S=young(survivor), O=old, HS=humongous(starts), HC=humongous(continues), CS=collection set, F=free, OA=open archive, CA=closed archive, TAMS=top-at-mark-start (previous, next)
|   0|0x0000000601400000, 0x0000000601800000, 0x0000000601800000|100%|HS|  |TAMS 0x0000000601800000, 0x0000000601400000| Complete 
|   1|0x0000000601800000, 0x0000000601c00000, 0x0000000601c00000|100%| O|  |TAMS 0x0000000601800000, 0x0000000601800000| Untracked 
|   2|0x0000000601c00000, 0x0000000602000000, 0x0000000602000000|100%| O|  |TAMS 0x0000000601c00000, 0x0000000601c00000| Untracked 
|   3|0x0000000602000000, 0x000000060236e000, 0x0000000602400000| 85%| O|  |TAMS 0x0000000602000000, 0x0000000602000000| Untracked 
|   4|0x0000000602400000, 0x0000000602800000, 0x0000000602800000|100%| O|  |TAMS 0x0000000602800000, 0x0000000602400000| Untracked 
|   5|0x0000000602800000, 0x0000000602c00000, 0x0000000602c00000|100%| O|  |TAMS 0x0000000602c00000, 0x0000000602800000| Untracked 
|   6|0x0000000602c00000, 0x0000000602e08400, 0x0000000603000000| 50%| O|  |TAMS 0x0000000602e08208, 0x0000000602c00000| Untracked 
|   7|0x0000000603000000, 0x0000000603000000, 0x0000000603400000|  0%| F|  |TAMS 0x0000000603000000, 0x0000000603000000| Untracked 
|   8|0x0000000603400000, 0x0000000603400000, 0x0000000603800000|  0%| F|  |TAMS 0x0000000603400000, 0x0000000603400000| Untracked 
|   9|0x0000000603800000, 0x0000000603800000, 0x0000000603c00000|  0%| F|  |TAMS 0x0000000603800000, 0x0000000603800000| Untracked 
|  10|0x0000000603c00000, 0x0000000603c00000, 0x0000000604000000|  0%| F|  |TAMS 0x0000000603c00000, 0x0000000603c00000| Untracked 
|  11|0x0000000604000000, 0x0000000604400000, 0x0000000604400000|100%| S|CS|TAMS 0x0000000604000000, 0x0000000604000000| Complete 
|  12|0x0000000604400000, 0x0000000604400000, 0x0000000604800000|  0%| F|  |TAMS 0x0000000604400000, 0x0000000604400000| Untracked 
|  13|0x0000000604800000, 0x0000000604800000, 0x0000000604c00000|  0%| F|  |TAMS 0x0000000604800000, 0x0000000604800000| Untracked 
|  14|0x0000000604c00000, 0x0000000604c00000, 0x0000000605000000|  0%| F|  |TAMS 0x0000000604c00000, 0x0000000604c00000| Untracked 
|  15|0x0000000605000000, 0x0000000605000000, 0x0000000605400000|  0%| F|  |TAMS 0x0000000605000000, 0x0000000605000000| Untracked 
|  16|0x0000000605400000, 0x0000000605400000, 0x0000000605800000|  0%| F|  |TAMS 0x0000000605400000, 0x0000000605400000| Untracked 
|  17|0x0000000605800000, 0x0000000605800000, 0x0000000605c00000|  0%| F|  |TAMS 0x0000000605800000, 0x0000000605800000| Untracked 
|  62|0x0000000610c00000, 0x0000000610c00000, 0x0000000611000000|  0%| F|  |TAMS 0x0000000610c00000, 0x0000000610c00000| Untracked 
| 127|0x0000000621000000, 0x0000000621000000, 0x0000000621400000|  0%| F|  |TAMS 0x0000000621000000, 0x0000000621000000| Untracked 

Card table byte_map: [0x00000291e6210000,0x00000291e7210000] _byte_map_base: 0x00000291e3206000

Marking Bits (Prev, Next): (CMBitMap*) 0x00000291d1df5d60, (CMBitMap*) 0x00000291d1df5da0
 Prev Bits: [0x00000291e8210000, 0x00000291f01c0000)
 Next Bits: [0x00000291f01c0000, 0x00000291f8170000)

Polling page: 0x00000291cf8b0000

Metaspace:

Usage:
  Non-class:     41.78 MB used.
      Class:      5.54 MB used.
       Both:     47.32 MB used.

Virtual space:
  Non-class space:       64.00 MB reserved,      41.88 MB ( 65%) committed,  1 nodes.
      Class space:        1.00 GB reserved,       5.62 MB ( <1%) committed,  1 nodes.
             Both:        1.06 GB reserved,      47.50 MB (  4%) committed. 

Chunk freelists:
   Non-Class:  5.50 MB
       Class:  10.33 MB
        Both:  15.83 MB

MaxMetaspaceSize: unlimited
CompressedClassSpaceSize: 1.00 GB
Initial GC threshold: 21.00 MB
Current GC threshold: 58.88 MB
CDS: off
MetaspaceReclaimPolicy: balanced
 - commit_granule_bytes: 65536.
 - commit_granule_words: 8192.
 - virtual_space_node_default_size: 8388608.
 - enlarge_chunks_in_place: 1.
 - new_chunks_are_fully_committed: 0.
 - uncommit_free_chunks: 1.
 - use_allocation_guard: 0.
 - handle_deallocations: 1.


Internal statistics:

num_allocs_failed_limit: 6.
num_arena_births: 172.
num_arena_deaths: 0.
num_vsnodes_births: 2.
num_vsnodes_deaths: 0.
num_space_committed: 758.
num_space_uncommitted: 0.
num_chunks_returned_to_freelist: 6.
num_chunks_taken_from_freelist: 1590.
num_chunk_merges: 6.
num_chunk_splits: 1314.
num_chunks_enlarged: 1178.
num_inconsistent_stats: 0.

CodeHeap 'non-profiled nmethods': size=119168Kb used=2510Kb max_used=2510Kb free=116657Kb
 bounds [0x00000291dcdc0000, 0x00000291dd040000, 0x00000291e4220000]
CodeHeap 'profiled nmethods': size=119104Kb used=12024Kb max_used=12024Kb free=107079Kb
 bounds [0x00000291d5220000, 0x00000291d5de0000, 0x00000291dc670000]
CodeHeap 'non-nmethods': size=7488Kb used=2970Kb max_used=3032Kb free=4517Kb
 bounds [0x00000291dc670000, 0x00000291dc970000, 0x00000291dcdc0000]
 total_blobs=5419 nmethods=4830 adapters=497
 compilation: enabled
              stopped_count=0, restarted_count=0
 full_count=0

Compilation events (20 events):
Event: 4.414 Thread 0x00000291fbb53400 4844       3       org.jetbrains.kotlin.load.java.lazy.descriptors.LazyJavaScope$MethodSignatureData::<init> (64 bytes)
Event: 4.414 Thread 0x00000291fbd1e9b0 nmethod 4842 0x00000291d5dd2010 code [0x00000291d5dd21c0, 0x00000291d5dd2348]
Event: 4.414 Thread 0x00000291fbd1e9b0 4845       3       org.jetbrains.kotlin.load.java.lazy.descriptors.LazyJavaClassMemberScope::getDispatchReceiverParameter (11 bytes)
Event: 4.414 Thread 0x00000291fbc42bb0 nmethod 4843 0x00000291d5dd2410 code [0x00000291d5dd25c0, 0x00000291d5dd2748]
Event: 4.415 Thread 0x00000291fbc42bb0 4846       3       org.jetbrains.kotlin.load.java.lazy.descriptors.LazyJavaClassMemberScope::isVisibleAsFunction (30 bytes)
Event: 4.416 Thread 0x00000291fbc42bb0 nmethod 4846 0x00000291d5dd2810 code [0x00000291d5dd2a40, 0x00000291d5dd3178]
Event: 4.416 Thread 0x00000291fbd1e9b0 nmethod 4845 0x00000291d5dd3410 code [0x00000291d5dd3620, 0x00000291d5dd3f28]
Event: 4.417 Thread 0x00000291fbb53400 nmethod 4844 0x00000291d5dd4110 code [0x00000291d5dd44a0, 0x00000291d5dd5af8]
Event: 4.417 Thread 0x00000291fbb53400 4851       3       java.util.Arrays::rangeCheck (74 bytes)
Event: 4.418 Thread 0x00000291fbb53400 nmethod 4851 0x00000291d5dd6290 code [0x00000291d5dd6540, 0x00000291d5dd6f88]
Event: 4.419 Thread 0x00000291fbd15e60 nmethod 4834 0x00000291d5dd7390 code [0x00000291d5dd7a60, 0x00000291d5ddb638]
Event: 4.419 Thread 0x00000291fbc42bb0 4853       3       javaslang.collection.HashMap::put (7 bytes)
Event: 4.419 Thread 0x00000291fbb53400 4854       3       javaslang.collection.HashMap::put (19 bytes)
Event: 4.419 Thread 0x00000291fbd1e9b0 4855       3       javaslang.collection.HashArrayMappedTrieModule$AbstractNode::put (15 bytes)
Event: 4.419 Thread 0x00000291fbd15e60 4856       3       javaslang.collection.HashArrayMappedTrieModule$LeafSingleton::<init> (20 bytes)
Event: 4.420 Thread 0x00000291fbc42bb0 nmethod 4853 0x00000291d5ddcb10 code [0x00000291d5ddcca0, 0x00000291d5ddcde8]
Event: 4.420 Thread 0x00000291fbc42bb0 4857       3       javaslang.collection.HashArrayMappedTrieModule$LeafNode::<init> (5 bytes)
Event: 4.420 Thread 0x00000291fbb53400 nmethod 4854 0x00000291d5ddce90 code [0x00000291d5ddd040, 0x00000291d5ddd3e8]
Event: 4.420 Thread 0x00000291fbd1e9b0 nmethod 4855 0x00000291d5ddd590 code [0x00000291d5ddd760, 0x00000291d5dddad8]
Event: 4.421 Thread 0x00000291872f6ff0 nmethod 4778 0x00000291dd031590 code [0x00000291dd0317c0, 0x00000291dd032bf8]

GC Heap History (20 events):
Event: 0.717 GC heap after
{Heap after GC invocations=1 (full 0):
 garbage-first heap   total 524288K, used 7074K [0x0000000601400000, 0x0000000800000000)
  region size 4096K, 1 young (4096K), 1 survivors (4096K)
 Metaspace       used 14119K, committed 14272K, reserved 1114112K
  class space    used 1384K, committed 1472K, reserved 1048576K
}
Event: 1.094 GC heap before
{Heap before GC invocations=1 (full 0):
 garbage-first heap   total 524288K, used 27554K [0x0000000601400000, 0x0000000800000000)
  region size 4096K, 7 young (28672K), 1 survivors (4096K)
 Metaspace       used 21330K, committed 21504K, reserved 1114112K
  class space    used 2394K, committed 2496K, reserved 1048576K
}
Event: 1.097 GC heap after
{Heap after GC invocations=2 (full 0):
 garbage-first heap   total 524288K, used 7745K [0x0000000601400000, 0x0000000800000000)
  region size 4096K, 1 young (4096K), 1 survivors (4096K)
 Metaspace       used 21330K, committed 21504K, reserved 1114112K
  class space    used 2394K, committed 2496K, reserved 1048576K
}
Event: 1.410 GC heap before
{Heap before GC invocations=3 (full 0):
 garbage-first heap   total 40960K, used 20033K [0x0000000601400000, 0x0000000800000000)
  region size 4096K, 6 young (24576K), 1 survivors (4096K)
 Metaspace       used 23764K, committed 23936K, reserved 1114112K
  class space    used 2955K, committed 3072K, reserved 1048576K
}
Event: 1.417 GC heap after
{Heap after GC invocations=4 (full 0):
 garbage-first heap   total 40960K, used 13184K [0x0000000601400000, 0x0000000800000000)
  region size 4096K, 3 young (12288K), 3 survivors (12288K)
 Metaspace       used 23764K, committed 23936K, reserved 1114112K
  class space    used 2955K, committed 3072K, reserved 1048576K
}
Event: 1.589 GC heap before
{Heap before GC invocations=4 (full 0):
 garbage-first heap   total 40960K, used 21376K [0x0000000601400000, 0x0000000800000000)
  region size 4096K, 5 young (20480K), 3 survivors (12288K)
 Metaspace       used 26416K, committed 26560K, reserved 1114112K
  class space    used 3393K, committed 3456K, reserved 1048576K
}
Event: 1.594 GC heap after
{Heap after GC invocations=5 (full 0):
 garbage-first heap   total 40960K, used 14085K [0x0000000601400000, 0x0000000800000000)
  region size 4096K, 1 young (4096K), 1 survivors (4096K)
 Metaspace       used 26416K, committed 26560K, reserved 1114112K
  class space    used 3393K, committed 3456K, reserved 1048576K
}
Event: 1.746 GC heap before
{Heap before GC invocations=5 (full 0):
 garbage-first heap   total 40960K, used 18181K [0x0000000601400000, 0x0000000800000000)
  region size 4096K, 3 young (12288K), 1 survivors (4096K)
 Metaspace       used 28256K, committed 28416K, reserved 1114112K
  class space    used 3587K, committed 3648K, reserved 1048576K
}
Event: 1.748 GC heap after
{Heap after GC invocations=6 (full 0):
 garbage-first heap   total 40960K, used 14637K [0x0000000601400000, 0x0000000800000000)
  region size 4096K, 1 young (4096K), 1 survivors (4096K)
 Metaspace       used 28256K, committed 28416K, reserved 1114112K
  class space    used 3587K, committed 3648K, reserved 1048576K
}
Event: 1.875 GC heap before
{Heap before GC invocations=6 (full 0):
 garbage-first heap   total 40960K, used 22829K [0x0000000601400000, 0x0000000800000000)
  region size 4096K, 3 young (12288K), 1 survivors (4096K)
 Metaspace       used 29841K, committed 29952K, reserved 1114112K
  class space    used 3775K, committed 3840K, reserved 1048576K
}
Event: 1.880 GC heap after
{Heap after GC invocations=7 (full 0):
 garbage-first heap   total 40960K, used 15698K [0x0000000601400000, 0x0000000800000000)
  region size 4096K, 1 young (4096K), 1 survivors (4096K)
 Metaspace       used 29841K, committed 29952K, reserved 1114112K
  class space    used 3775K, committed 3840K, reserved 1048576K
}
Event: 1.990 GC heap before
{Heap before GC invocations=7 (full 0):
 garbage-first heap   total 40960K, used 23890K [0x0000000601400000, 0x0000000800000000)
  region size 4096K, 3 young (12288K), 1 survivors (4096K)
 Metaspace       used 31435K, committed 31680K, reserved 1114112K
  class space    used 3930K, committed 4032K, reserved 1048576K
}
Event: 1.996 GC heap after
{Heap after GC invocations=8 (full 0):
 garbage-first heap   total 282624K, used 16694K [0x0000000601400000, 0x0000000800000000)
  region size 4096K, 1 young (4096K), 1 survivors (4096K)
 Metaspace       used 31435K, committed 31680K, reserved 1114112K
  class space    used 3930K, committed 4032K, reserved 1048576K
}
Event: 2.264 GC heap before
{Heap before GC invocations=8 (full 0):
 garbage-first heap   total 282624K, used 37174K [0x0000000601400000, 0x0000000800000000)
  region size 4096K, 7 young (28672K), 1 survivors (4096K)
 Metaspace       used 35823K, committed 35968K, reserved 1114112K
  class space    used 4328K, committed 4416K, reserved 1048576K
}
Event: 2.267 GC heap after
{Heap after GC invocations=9 (full 0):
 garbage-first heap   total 282624K, used 18188K [0x0000000601400000, 0x0000000800000000)
  region size 4096K, 1 young (4096K), 1 survivors (4096K)
 Metaspace       used 35823K, committed 35968K, reserved 1114112K
  class space    used 4328K, committed 4416K, reserved 1048576K
}
Event: 2.783 GC heap before
{Heap before GC invocations=10 (full 0):
 garbage-first heap   total 81920K, used 63244K [0x0000000601400000, 0x0000000800000000)
  region size 4096K, 12 young (49152K), 1 survivors (4096K)
 Metaspace       used 41625K, committed 41856K, reserved 1114112K
  class space    used 5017K, committed 5120K, reserved 1048576K
}
Event: 2.788 GC heap after
{Heap after GC invocations=11 (full 0):
 garbage-first heap   total 81920K, used 22665K [0x0000000601400000, 0x0000000800000000)
  region size 4096K, 2 young (8192K), 2 survivors (8192K)
 Metaspace       used 41625K, committed 41856K, reserved 1114112K
  class space    used 5017K, committed 5120K, reserved 1048576K
}
Event: 3.406 GC heap before
{Heap before GC invocations=11 (full 0):
 garbage-first heap   total 81920K, used 51337K [0x0000000601400000, 0x0000000800000000)
  region size 4096K, 9 young (36864K), 2 survivors (8192K)
 Metaspace       used 44835K, committed 45120K, reserved 1114112K
  class space    used 5378K, committed 5504K, reserved 1048576K
}
Event: 3.420 GC heap after
{Heap after GC invocations=12 (full 0):
 garbage-first heap   total 81920K, used 25809K [0x0000000601400000, 0x0000000800000000)
  region size 4096K, 1 young (4096K), 1 survivors (4096K)
 Metaspace       used 44835K, committed 45120K, reserved 1114112K
  class space    used 5378K, committed 5504K, reserved 1048576K
}
Event: 4.420 GC heap before
{Heap before GC invocations=12 (full 0):
 garbage-first heap   total 81920K, used 54481K [0x0000000601400000, 0x0000000800000000)
  region size 4096K, 8 young (32768K), 1 survivors (4096K)
 Metaspace       used 48460K, committed 48640K, reserved 1114112K
  class space    used 5677K, committed 5760K, reserved 1048576K
}

Dll operation events (2 events):
Event: 0.017 Loaded shared library C:\Program Files\Android\Android Studio1\jbr\bin\java.dll
Event: 0.967 Loaded shared library C:\Program Files\Android\Android Studio1\jbr\bin\verify.dll

Deoptimization events (20 events):
Event: 4.336 Thread 0x00000291d1d43750 Uncommon trap: trap_request=0xffffffc6 fr.pc=0x00000291dcf9094c relative=0x0000000000000b4c
Event: 4.336 Thread 0x00000291d1d43750 Uncommon trap: reason=bimorphic_or_optimized_type_check action=maybe_recompile pc=0x00000291dcf9094c method=java.util.HashMap.putVal(ILjava/lang/Object;Ljava/lang/Object;ZZ)Ljava/lang/Object; @ 203 c2
Event: 4.336 Thread 0x00000291d1d43750 DEOPT PACKING pc=0x00000291dcf9094c sp=0x000000e6155fbeb0
Event: 4.336 Thread 0x00000291d1d43750 DEOPT UNPACKING pc=0x00000291dc6c69a3 sp=0x000000e6155fbe70 mode 2
Event: 4.396 Thread 0x00000291d1d43750 Uncommon trap: trap_request=0xffffffbe fr.pc=0x00000291dd030128 relative=0x0000000000000ce8
Event: 4.396 Thread 0x00000291d1d43750 Uncommon trap: reason=profile_predicate action=maybe_recompile pc=0x00000291dd030128 method=gnu.trove.TObjectHash.index(Ljava/lang/Object;)I @ 82 c2
Event: 4.396 Thread 0x00000291d1d43750 DEOPT PACKING pc=0x00000291dd030128 sp=0x000000e6155fc980
Event: 4.396 Thread 0x00000291d1d43750 DEOPT UNPACKING pc=0x00000291dc6c69a3 sp=0x000000e6155fc918 mode 2
Event: 4.397 Thread 0x00000291d1d43750 Uncommon trap: trap_request=0xffffffbe fr.pc=0x00000291dd030128 relative=0x0000000000000ce8
Event: 4.397 Thread 0x00000291d1d43750 Uncommon trap: reason=profile_predicate action=maybe_recompile pc=0x00000291dd030128 method=gnu.trove.TObjectHash.index(Ljava/lang/Object;)I @ 82 c2
Event: 4.397 Thread 0x00000291d1d43750 DEOPT PACKING pc=0x00000291dd030128 sp=0x000000e6155fc980
Event: 4.397 Thread 0x00000291d1d43750 DEOPT UNPACKING pc=0x00000291dc6c69a3 sp=0x000000e6155fc918 mode 2
Event: 4.397 Thread 0x00000291d1d43750 Uncommon trap: trap_request=0xffffffbe fr.pc=0x00000291dd030128 relative=0x0000000000000ce8
Event: 4.397 Thread 0x00000291d1d43750 Uncommon trap: reason=profile_predicate action=maybe_recompile pc=0x00000291dd030128 method=gnu.trove.TObjectHash.index(Ljava/lang/Object;)I @ 82 c2
Event: 4.397 Thread 0x00000291d1d43750 DEOPT PACKING pc=0x00000291dd030128 sp=0x000000e6155fcb30
Event: 4.397 Thread 0x00000291d1d43750 DEOPT UNPACKING pc=0x00000291dc6c69a3 sp=0x000000e6155fcac8 mode 2
Event: 4.397 Thread 0x00000291d1d43750 Uncommon trap: trap_request=0xffffffbe fr.pc=0x00000291dd030128 relative=0x0000000000000ce8
Event: 4.397 Thread 0x00000291d1d43750 Uncommon trap: reason=profile_predicate action=maybe_recompile pc=0x00000291dd030128 method=gnu.trove.TObjectHash.index(Ljava/lang/Object;)I @ 82 c2
Event: 4.397 Thread 0x00000291d1d43750 DEOPT PACKING pc=0x00000291dd030128 sp=0x000000e6155fc980
Event: 4.397 Thread 0x00000291d1d43750 DEOPT UNPACKING pc=0x00000291dc6c69a3 sp=0x000000e6155fc918 mode 2

Classes unloaded (0 events):
No events

Classes redefined (0 events):
No events

Internal exceptions (20 events):
Event: 0.810 Thread 0x00000291d1d43750 Exception <a 'java/lang/NoSuchMethodError'{0x0000000620e87b20}: 'int java.lang.invoke.DirectMethodHandle$Holder.invokeStaticInit(java.lang.Object, java.lang.Object)'> (0x0000000620e87b20) 
thrown [s\src\hotspot\share\interpreter\linkResolver.cpp, line 771]
Event: 0.826 Thread 0x00000291d1d43750 Exception <a 'java/lang/NoSuchMethodError'{0x0000000620f67448}: 'void java.lang.invoke.DirectMethodHandle$Holder.invokeSpecial(java.lang.Object, java.lang.Object, java.lang.Object)'> (0x0000000620f67448) 
thrown [s\src\hotspot\share\interpreter\linkResolver.cpp, line 771]
Event: 0.888 Thread 0x00000291d1d43750 Exception <a 'java/lang/NoSuchMethodError'{0x0000000620a89310}: 'void java.lang.invoke.DirectMethodHandle$Holder.invokeStatic(java.lang.Object, java.lang.Object, java.lang.Object, java.lang.Object)'> (0x0000000620a89310) 
thrown [s\src\hotspot\share\interpreter\linkResolver.cpp, line 771]
Event: 0.940 Thread 0x00000291d1d43750 Exception <a 'java/lang/NoSuchMethodError'{0x0000000620652168}: 'void java.lang.invoke.DirectMethodHandle$Holder.invokeStaticInit(java.lang.Object, java.lang.Object)'> (0x0000000620652168) 
thrown [s\src\hotspot\share\interpreter\linkResolver.cpp, line 771]
Event: 1.023 Thread 0x00000291d1d43750 Exception <a 'java/lang/NoSuchMethodError'{0x0000000620360448}: 'void java.lang.invoke.DirectMethodHandle$Holder.invokeVirtual(java.lang.Object, java.lang.Object)'> (0x0000000620360448) 
thrown [s\src\hotspot\share\interpreter\linkResolver.cpp, line 771]
Event: 1.031 Thread 0x00000291d1d43750 Exception <a 'java/lang/NoSuchMethodError'{0x00000006203dac88}: 'int java.lang.invoke.DirectMethodHandle$Holder.invokeVirtual(java.lang.Object, java.lang.Object)'> (0x00000006203dac88) 
thrown [s\src\hotspot\share\interpreter\linkResolver.cpp, line 771]
Event: 1.048 Thread 0x00000291d1d43750 Exception <a 'java/lang/NoSuchMethodError'{0x000000061fc95e78}: 'java.lang.Object java.lang.invoke.Invokers$Holder.invokeExact_MT(java.lang.Object, java.lang.Object, java.lang.Object, java.lang.Object, java.lang.Object, java.lang.Object)'> (0x000000061fc95e78) 
thrown [s\src\hotspot\share\interpreter\linkResolver.cpp, line 771]
Event: 1.534 Thread 0x00000291d1d43750 Implicit null exception at 0x00000291dcde47f2 to 0x00000291dcde4dd4
Event: 1.672 Thread 0x00000291d1d43750 Implicit null exception at 0x00000291dcde9472 to 0x00000291dcde9a68
Event: 1.725 Thread 0x00000291d1d43750 Exception <a 'java/lang/NoSuchMethodError'{0x000000061f6eb918}: 'java.lang.Object java.lang.invoke.DirectMethodHandle$Holder.invokeVirtual(java.lang.Object, java.lang.Object, java.lang.Object)'> (0x000000061f6eb918) 
thrown [s\src\hotspot\share\interpreter\linkResolver.cpp, line 771]
Event: 2.328 Thread 0x00000291d1d43750 Exception <a 'java/lang/NoSuchMethodError'{0x00000006212f4650}: 'java.lang.Object java.lang.invoke.DirectMethodHandle$Holder.newInvokeSpecial(java.lang.Object, java.lang.Object, int)'> (0x00000006212f4650) 
thrown [s\src\hotspot\share\interpreter\linkResolver.cpp, line 771]
Event: 2.387 Thread 0x00000291d1d43750 Implicit null exception at 0x00000291dceacd4c to 0x00000291dceace34
Event: 2.424 Thread 0x00000291d1d43750 Exception <a 'java/lang/NoSuchMethodError'{0x0000000605bc4d80}: 'java.lang.Object java.lang.invoke.DirectMethodHandle$Holder.newInvokeSpecial(java.lang.Object, java.lang.Object, java.lang.Object, int)'> (0x0000000605bc4d80) 
thrown [s\src\hotspot\share\interpreter\linkResolver.cpp, line 771]
Event: 2.425 Thread 0x00000291d1d43750 Exception <a 'java/lang/NoSuchMethodError'{0x0000000605bc9408}: 'java.lang.Object java.lang.invoke.DirectMethodHandle$Holder.invokeSpecial(java.lang.Object, java.lang.Object, java.lang.Object, java.lang.Object, int)'> (0x0000000605bc9408) 
thrown [s\src\hotspot\share\interpreter\linkResolver.cpp, line 771]
Event: 2.425 Thread 0x00000291d1d43750 Exception <a 'java/lang/NoSuchMethodError'{0x0000000605bcd278}: 'java.lang.Object java.lang.invoke.Invokers$Holder.linkToTargetMethod(java.lang.Object, java.lang.Object, int, java.lang.Object)'> (0x0000000605bcd278) 
thrown [s\src\hotspot\share\interpreter\linkResolver.cpp, line 771]
Event: 3.359 Thread 0x00000291d1d43750 Exception <a 'java/lang/NoSuchMethodError'{0x0000000604a0eef8}: 'java.lang.Object java.lang.invoke.DirectMethodHandle$Holder.newInvokeSpecial(java.lang.Object, java.lang.Object, java.lang.Object, java.lang.Object, java.lang.Object)'> (0x0000000604a0eef8) 
thrown [s\src\hotspot\share\interpreter\linkResolver.cpp, line 771]
Event: 3.713 Thread 0x00000291d1d43750 Exception <a 'java/lang/NoSuchMethodError'{0x0000000610e9c150}: 'java.lang.Object java.lang.invoke.DirectMethodHandle$Holder.newInvokeSpecial(java.lang.Object, java.lang.Object, java.lang.Object, java.lang.Object, java.lang.Object, java.lang.Object)'> (0x0000000610e9c150) 
thrown [s\src\hotspot\share\interpreter\linkResolver.cpp, line 771]
Event: 3.897 Thread 0x00000291d1d43750 Exception <a 'java/lang/NoSuchMethodError'{0x0000000605a8a670}: 'java.lang.Object java.lang.invoke.DirectMethodHandle$Holder.newInvokeSpecial(java.lang.Object, java.lang.Object, java.lang.Object, java.lang.Object, java.lang.Object, java.lang.Object, java.lang.Object, java.lang.Object)'> (0x0000000605a8a670) 
thrown [s\src\hotspot\share\interpreter\linkResolver.cpp, line 771]
Event: 3.897 Thread 0x00000291d1d43750 Exception <a 'java/lang/NoSuchMethodError'{0x0000000605a8fc88}: 'java.lang.Object java.lang.invoke.DirectMethodHandle$Holder.invokeSpecial(java.lang.Object, java.lang.Object, java.lang.Object, java.lang.Object, java.lang.Object, java.lang.Object, java.lang.Object, java.lang.Object, java.lang.Object)'> (0x0000000605a8fc88) 
thrown [s\src\hotspot\share\interpreter\linkResolver.cpp, line 771]
Event: 3.898 Thread 0x00000291d1d43750 Exception <a 'java/lang/NoSuchMethodError'{0x0000000605a94bb8}: 'java.lang.Object java.lang.invoke.Invokers$Holder.linkToTargetMethod(java.lang.Object, java.lang.Object, java.lang.Object, java.lang.Object, java.lang.Object, java.lang.Object, java.lang.Object, java.lang.Object)'> (0x0000000605a94bb8) 
thrown [s\src\hotspot\share\interpreter\linkResolver.cpp, line 771]

VM Operations (20 events):
Event: 3.142 Executing VM operation: ICBufferFull done
Event: 3.405 Executing VM operation: G1CollectForAllocation
Event: 3.420 Executing VM operation: G1CollectForAllocation done
Event: 3.621 Executing VM operation: HandshakeAllThreads
Event: 3.621 Executing VM operation: HandshakeAllThreads done
Event: 3.836 Executing VM operation: ICBufferFull
Event: 3.837 Executing VM operation: ICBufferFull done
Event: 4.068 Executing VM operation: ICBufferFull
Event: 4.068 Executing VM operation: ICBufferFull done
Event: 4.174 Executing VM operation: ICBufferFull
Event: 4.174 Executing VM operation: ICBufferFull done
Event: 4.286 Executing VM operation: ICBufferFull
Event: 4.286 Executing VM operation: ICBufferFull done
Event: 4.290 Executing VM operation: HandshakeAllThreads
Event: 4.291 Executing VM operation: HandshakeAllThreads done
Event: 4.292 Executing VM operation: HandshakeAllThreads
Event: 4.292 Executing VM operation: HandshakeAllThreads done
Event: 4.349 Executing VM operation: ICBufferFull
Event: 4.349 Executing VM operation: ICBufferFull done
Event: 4.420 Executing VM operation: G1CollectForAllocation

Events (20 events):
Event: 2.678 loading class java/util/stream/ReduceOps$Box done
Event: 2.678 loading class java/util/stream/ReduceOps$3ReducingSink done
Event: 2.678 loading class java/util/stream/ReferencePipeline$2$1
Event: 2.678 loading class java/util/stream/ReferencePipeline$2$1 done
Event: 2.678 loading class java/util/stream/IntPipeline$1$1
Event: 2.679 loading class java/util/stream/Sink$ChainedInt
Event: 2.679 loading class java/util/stream/Sink$OfInt
Event: 2.679 loading class java/util/function/IntConsumer
Event: 2.679 loading class java/util/function/IntConsumer done
Event: 2.679 loading class java/util/stream/Sink$OfInt done
Event: 2.679 loading class java/util/stream/Sink$ChainedInt done
Event: 2.679 loading class java/util/stream/IntPipeline$1$1 done
Event: 2.759 Thread 0x00000291874bf8d0 Thread added: 0x00000291874bf8d0
Event: 2.759 Thread 0x00000291872f6ff0 Thread added: 0x00000291872f6ff0
Event: 2.760 Thread 0x00000291872f7920 Thread added: 0x00000291872f7920
Event: 3.286 Thread 0x00000291872f7920 Thread exited: 0x00000291872f7920
Event: 3.470 loading class java/util/Collections$SingletonMap
Event: 3.471 loading class java/util/Collections$SingletonMap done
Event: 3.918 loading class java/util/RegularEnumSet$EnumSetIterator
Event: 3.918 loading class java/util/RegularEnumSet$EnumSetIterator done


Dynamic libraries:
0x00007ff7dca20000 - 0x00007ff7dca2a000 	C:\Program Files\Android\Android Studio1\jbr\bin\java.exe
0x00007ffb0e790000 - 0x00007ffb0e988000 	C:\Windows\SYSTEM32\ntdll.dll
0x00007ffb0ca50000 - 0x00007ffb0cb0d000 	C:\Windows\System32\KERNEL32.DLL
0x00007ffb0bfd0000 - 0x00007ffb0c2c6000 	C:\Windows\System32\KERNELBASE.dll
0x00007ffb0bed0000 - 0x00007ffb0bfd0000 	C:\Windows\System32\ucrtbase.dll
0x00007ffaf31a0000 - 0x00007ffaf31bb000 	C:\Program Files\Android\Android Studio1\jbr\bin\VCRUNTIME140.dll
0x00007ffafb1b0000 - 0x00007ffafb1c7000 	C:\Program Files\Android\Android Studio1\jbr\bin\jli.dll
0x00007ffb0c8b0000 - 0x00007ffb0ca4e000 	C:\Windows\System32\USER32.dll
0x00007ffb0c530000 - 0x00007ffb0c552000 	C:\Windows\System32\win32u.dll
0x00007ffb0c7e0000 - 0x00007ffb0c80c000 	C:\Windows\System32\GDI32.dll
0x00007ffb0c6c0000 - 0x00007ffb0c7da000 	C:\Windows\System32\gdi32full.dll
0x00007ffaf0830000 - 0x00007ffaf0aca000 	C:\Windows\WinSxS\amd64_microsoft.windows.common-controls_6595b64144ccf1df_6.0.19041.3636_none_60b6a03d71f818d5\COMCTL32.dll
0x00007ffb0c360000 - 0x00007ffb0c3fd000 	C:\Windows\System32\msvcp_win.dll
0x00007ffb0d7c0000 - 0x00007ffb0d85e000 	C:\Windows\System32\msvcrt.dll
0x00007ffb0c870000 - 0x00007ffb0c8a0000 	C:\Windows\System32\IMM32.DLL
0x00007ffafb950000 - 0x00007ffafb95c000 	C:\Program Files\Android\Android Studio1\jbr\bin\vcruntime140_1.dll
0x00007ffab1340000 - 0x00007ffab13cd000 	C:\Program Files\Android\Android Studio1\jbr\bin\msvcp140.dll
0x00007ffa69a60000 - 0x00007ffa6a6e3000 	C:\Program Files\Android\Android Studio1\jbr\bin\server\jvm.dll
0x00007ffb0cb90000 - 0x00007ffb0cc43000 	C:\Windows\System32\ADVAPI32.dll
0x00007ffb0d310000 - 0x00007ffb0d3af000 	C:\Windows\System32\sechost.dll
0x00007ffb0ce80000 - 0x00007ffb0cfa6000 	C:\Windows\System32\RPCRT4.dll
0x00007ffb0c500000 - 0x00007ffb0c527000 	C:\Windows\System32\bcrypt.dll
0x00007ffafc100000 - 0x00007ffafc109000 	C:\Windows\SYSTEM32\WSOCK32.dll
0x00007ffb031e0000 - 0x00007ffb03207000 	C:\Windows\SYSTEM32\WINMM.dll
0x00007ffb03210000 - 0x00007ffb0321a000 	C:\Windows\SYSTEM32\VERSION.dll
0x00007ffb0da70000 - 0x00007ffb0dadb000 	C:\Windows\System32\WS2_32.dll
0x00007ffb0b3b0000 - 0x00007ffb0b3fb000 	C:\Windows\SYSTEM32\POWRPROF.dll
0x00007ffb0b270000 - 0x00007ffb0b282000 	C:\Windows\SYSTEM32\UMPDC.dll
0x00007ffb09d30000 - 0x00007ffb09d42000 	C:\Windows\SYSTEM32\kernel.appcore.dll
0x00007ffb07bc0000 - 0x00007ffb07bca000 	C:\Program Files\Android\Android Studio1\jbr\bin\jimage.dll
0x00007ffb05030000 - 0x00007ffb05214000 	C:\Windows\SYSTEM32\DBGHELP.DLL
0x00007ffaf8710000 - 0x00007ffaf8744000 	C:\Windows\SYSTEM32\dbgcore.DLL
0x00007ffb0c2d0000 - 0x00007ffb0c352000 	C:\Windows\System32\bcryptPrimitives.dll
0x00007ffaee320000 - 0x00007ffaee345000 	C:\Program Files\Android\Android Studio1\jbr\bin\java.dll
0x00007ffb02770000 - 0x00007ffb02788000 	C:\Program Files\Android\Android Studio1\jbr\bin\zip.dll
0x00007ffb0df50000 - 0x00007ffb0e695000 	C:\Windows\System32\SHELL32.dll
0x00007ffb09f30000 - 0x00007ffb0a6cb000 	C:\Windows\SYSTEM32\windows.storage.dll
0x00007ffb0cfb0000 - 0x00007ffb0d304000 	C:\Windows\System32\combase.dll
0x00007ffb0b890000 - 0x00007ffb0b8bd000 	C:\Windows\SYSTEM32\Wldp.dll
0x00007ffb0e6a0000 - 0x00007ffb0e74d000 	C:\Windows\System32\SHCORE.dll
0x00007ffb0c810000 - 0x00007ffb0c865000 	C:\Windows\System32\shlwapi.dll
0x00007ffb0bd90000 - 0x00007ffb0bdb5000 	C:\Windows\SYSTEM32\profapi.dll
0x00007ffb02020000 - 0x00007ffb02039000 	C:\Program Files\Android\Android Studio1\jbr\bin\net.dll
0x00007ffb06930000 - 0x00007ffb06a3a000 	C:\Windows\SYSTEM32\WINHTTP.dll
0x00007ffb0b5f0000 - 0x00007ffb0b65a000 	C:\Windows\system32\mswsock.dll
0x00007ffafbb90000 - 0x00007ffafbba6000 	C:\Program Files\Android\Android Studio1\jbr\bin\nio.dll
0x00007ffb07bb0000 - 0x00007ffb07bc0000 	C:\Program Files\Android\Android Studio1\jbr\bin\verify.dll

dbghelp: loaded successfully - version: 4.0.5 - missing functions: none
symbol engine: initialized successfully - sym options: 0x614 - pdb path: .;C:\Program Files\Android\Android Studio1\jbr\bin;C:\Windows\SYSTEM32;C:\Windows\WinSxS\amd64_microsoft.windows.common-controls_6595b64144ccf1df_6.0.19041.3636_none_60b6a03d71f818d5;C:\Program Files\Android\Android Studio1\jbr\bin\server

VM Arguments:
java_command: org.jetbrains.kotlin.cli.jvm.K2JVMCompiler @D:\mylib\pawlly-20\df\pawlly_app_source_code\customer-app\pawlly_user_app_v2.0.0\build\flutter_paystack\20240920_1948303885340011838.compiler.options
java_class_path (initial): C:\Users\hp\.gradle\caches\modules-2\files-2.1\org.jetbrains.kotlin\kotlin-compiler-embeddable\1.9.23\460f3eeb4ac5383e60a09898bafa9b63838cc2ea\kotlin-compiler-embeddable-1.9.23.jar;C:\Users\hp\.gradle\caches\modules-2\files-2.1\org.jetbrains.kotlin\kotlin-stdlib\1.9.23\dbaadea1f5e68f790d242a91a38355a83ec38747\kotlin-stdlib-1.9.23.jar;C:\Users\hp\.gradle\caches\modules-2\files-2.1\org.jetbrains.kotlin\kotlin-script-runtime\1.9.23\1375a7343d05891119fac57f8b50a7578420ac27\kotlin-script-runtime-1.9.23.jar;C:\Users\hp\.gradle\caches\modules-2\files-2.1\org.jetbrains.kotlin\kotlin-reflect\1.6.10\1cbe9c92c12a94eea200d23c2bbaedaf3daf5132\kotlin-reflect-1.6.10.jar;C:\Users\hp\.gradle\caches\modules-2\files-2.1\org.jetbrains.kotlin\kotlin-daemon-embeddable\1.9.23\a6ad5e888015dc4f9eb828ea753167f256093c6a\kotlin-daemon-embeddable-1.9.23.jar;C:\Users\hp\.gradle\caches\modules-2\files-2.1\org.jetbrains.intellij.deps\trove4j\1.0.20200330\3afb14d5f9ceb459d724e907a21145e8ff394f02\trove4j-1.0.20200330.jar;C:\Users\hp\.gradle\caches\modules-2\files-2.1\org.jetbrains\annotations\13.0\919f0dfe192fb4e063e7dacadee7f8bb9a2672a9\annotations-13.0.jar
Launcher Type: SUN_STANDARD

[Global flags]
     intx CICompilerCount                          = 12                                        {product} {ergonomic}
     uint ConcGCThreads                            = 5                                         {product} {ergonomic}
     uint G1ConcRefinementThreads                  = 20                                        {product} {ergonomic}
   size_t G1HeapRegionSize                         = 4194304                                   {product} {ergonomic}
    uintx GCDrainStackTargetSize                   = 64                                        {product} {ergonomic}
   size_t InitialHeapSize                          = 536870912                                 {product} {ergonomic}
   size_t MarkStackSize                            = 4194304                                   {product} {ergonomic}
   size_t MaxHeapSize                              = 8568963072                                {product} {ergonomic}
   size_t MaxNewSize                               = 5138022400                                {product} {ergonomic}
   size_t MinHeapDeltaBytes                        = 4194304                                   {product} {ergonomic}
   size_t MinHeapSize                              = 8388608                                   {product} {ergonomic}
    uintx NonNMethodCodeHeapSize                   = 7602480                                {pd product} {ergonomic}
    uintx NonProfiledCodeHeapSize                  = 122027880                              {pd product} {ergonomic}
    uintx ProfiledCodeHeapSize                     = 122027880                              {pd product} {ergonomic}
    uintx ReservedCodeCacheSize                    = 251658240                              {pd product} {ergonomic}
     bool SegmentedCodeCache                       = true                                      {product} {ergonomic}
   size_t SoftMaxHeapSize                          = 8568963072                             {manageable} {ergonomic}
     bool UseCompressedClassPointers               = true                           {product lp64_product} {ergonomic}
     bool UseCompressedOops                        = true                           {product lp64_product} {ergonomic}
     bool UseG1GC                                  = true                                      {product} {ergonomic}
     bool UseLargePagesIndividualAllocation        = false                                  {pd product} {ergonomic}

Logging:
Log output configuration:
 #0: stdout all=warning uptime,level,tags
 #1: stderr all=off uptime,level,tags

Environment Variables:
JAVA_HOME=C:\Program Files\Android\Android Studio1\jbr
CLASSPATH=D:\mylib\pawlly-20\df\pawlly_app_source_code\customer-app\pawlly_user_app_v2.0.0\android\\gradle\wrapper\gradle-wrapper.jar
PATH=C:\Program Files\Android\Android Studio1\jbr\bin;C:\Python312\Scripts\;C:\Python312\;C:\Program Files (x86)\VMware\VMware Workstation\bin\;C:\Program Files\Common Files\Oracle\Java\javapath;C:\Program Files (x86)\Common Files\Oracle\Java\java8path;C:\Program Files (x86)\Common Files\Oracle\Java\javapath;C:\Windows\system32;C:\Windows;C:\Windows\System32\Wbem;C:\Windows\System32\WindowsPowerShell\v1.0\;C:\Windows\System32\OpenSSH\;C:\Program Files\Java\jdk-11\bin;C:\Program Files\Dart\dart-sdk\bin;C:\Program Files\Dart\dart-sdk\bin;C:\Program Files\Git\cmd;C:\flutter\bin;C:\Windows;C:\xampp\php;C:\ProgramData\ComposerSetup\bin;C:\sqllite;C:\Program Files\dex2jar;C:\ProgramData\chocolatey\bin;C:\ngrok-v3-stable-windows-amd64;C:\flutter_windows_3.10.4-stable\flutter\bin;C:\Users\hp\.gradle\caches\journal-1\file-access.bin;C:\Users\hp\AppData\Local\Android\Sdk\build-tools\29.0.2;C:\Users\hp\AppData\Local\Android\Sdk\platform-tools;C:\Python312;C:\ffmpeg-master-latest-win64-gpl\bin\;C:\Program Files\chrome-win64\chrome-win64;C:\Program Files\dotnet\;C:\Program Files (x86)\dotnet\;C:\Users\hp\AppData\Roaming\npm;C:\Users\hp\AppData\Local\Pub\Cache\bin;C:\Program Files\nodejs\;C:\Users\hp\AppData\Local\Pub\Cache\bin;C:\Users\hp\AppData\Roaming\npm;C:\Python312\Scripts\;C:\Python312\;C:\Program Files (x86)\VMware\VMware Workstation\bin\;C:\Program Files\Common Files\Oracle\Java\javapath;C:\Program Files (x86)\Common Files\Oracle\Java\java8path;C:\Program Files (x86)\Common Files\Oracle\Java\javapath;C:\Windows\system32;C:\Windows;C:\Windows\System32\Wbem;C:\Windows\System32\WindowsPowerShell\v1.0\;C:\Windows\System32\OpenSSH\;C:\Program Files\Java\jdk-11\bin;C:\Program Files\Dart\dart-sdk\bin;C:\Program Files\Dart\dart-sdk\bin;C:\Program Files\Git\cmd;C:\flutter\bin;C:\Windows;C:\xampp\php;C:\ProgramData\ComposerSetup\bin;C:\sqllite;C:\Program Files\dex2jar;C:\ProgramData\chocolatey\bin;C:\ngrok-v3-stable-windows-amd64;C:\flutter_windows_3.10.4-stable\flutter\bin;C:\Users
USERNAME=hp
OS=Windows_NT
PROCESSOR_IDENTIFIER=Intel64 Family 6 Model 79 Stepping 1, GenuineIntel
TMP=C:\Users\hp\AppData\Local\Temp
TEMP=C:\Users\hp\AppData\Local\Temp



Periodic native trim disabled

JNI global refs:
JNI global refs: 27, weak refs: 4

JNI global refs memory usage: 843, weak refs: 841

OOME stack traces (most recent first):
Classloader memory used:
Loader jdk.internal.loader.ClassLoaders$AppClassLoader                                 : 4760K
Loader bootstrap                                                                       : 1290K
Loader jdk.internal.reflect.DelegatingClassLoader                                      : 6077B


---------------  S Y S T E M  ---------------

OS:
 Windows 10 , 64 bit Build 19041 (10.0.19041.3636)
OS uptime: 0 days 8:27 hours

CPU: total 28 (initial active 28) (14 cores per cpu, 2 threads per core) family 6 model 79 stepping 1 microcode 0xb000038, cx8, cmov, fxsr, ht, mmx, 3dnowpref, sse, sse2, sse3, ssse3, sse4.1, sse4.2, popcnt, lzcnt, tsc, tscinvbit, avx, avx2, aes, erms, clmul, bmi1, bmi2, rtm, adx, fma, vzeroupper, clflush
Processor Information for all 28 processors :
  Max Mhz: 2401, Current Mhz: 2401, Mhz Limit: 2401

Memory: 4k page, system-wide physical 32684M (7759M free)
TotalPageFile size 34732M (AvailPageFile size 131M)
current process WorkingSet (physical memory assigned to process): 284M, peak: 296M
current process commit charge ("private bytes"): 347M, peak: 658M

vm_info: OpenJDK 64-Bit Server VM (17.0.9+0--11185874) for windows-amd64 JRE (17.0.9+0--11185874), built on Dec  6 2023 18:57:44 by "androidbuild" with MS VC++ 16.10 / 16.11 (VS2019)

END.
